mode: set
github.com/onyx-go/framework/pkg/onyx/onyx.go:17.36,19.2 1 0
github.com/onyx-go/framework/pkg/onyx/onyx.go:22.26,24.2 1 0
github.com/onyx-go/framework/pkg/onyx/onyx.go:27.32,29.2 1 0
github.com/onyx-go/framework/cmd/onyx/main.go:190.13,191.22 1 0
github.com/onyx-go/framework/cmd/onyx/main.go:191.22,194.3 2 0
github.com/onyx-go/framework/cmd/onyx/main.go:196.2,199.31 3 0
github.com/onyx-go/framework/cmd/onyx/main.go:199.31,200.30 1 0
github.com/onyx-go/framework/cmd/onyx/main.go:200.30,201.43 1 0
github.com/onyx-go/framework/cmd/onyx/main.go:201.43,204.5 2 0
github.com/onyx-go/framework/cmd/onyx/main.go:205.4,205.10 1 0
github.com/onyx-go/framework/cmd/onyx/main.go:209.2,210.12 2 0
github.com/onyx-go/framework/cmd/onyx/main.go:213.17,234.31 6 0
github.com/onyx-go/framework/cmd/onyx/main.go:234.31,235.10 1 0
github.com/onyx-go/framework/cmd/onyx/main.go:236.26,237.86 1 0
github.com/onyx-go/framework/cmd/onyx/main.go:238.45,239.78 1 0
github.com/onyx-go/framework/cmd/onyx/main.go:240.47,241.88 1 0
github.com/onyx-go/framework/cmd/onyx/main.go:242.43,243.86 1 0
github.com/onyx-go/framework/cmd/onyx/main.go:244.46,245.80 1 0
github.com/onyx-go/framework/cmd/onyx/main.go:246.47,247.74 1 0
github.com/onyx-go/framework/cmd/onyx/main.go:248.46,249.80 1 0
github.com/onyx-go/framework/cmd/onyx/main.go:250.28,251.70 1 0
github.com/onyx-go/framework/cmd/onyx/main.go:252.49,253.78 1 0
github.com/onyx-go/framework/cmd/onyx/main.go:254.45,255.82 1 0
github.com/onyx-go/framework/cmd/onyx/main.go:256.44,257.66 1 0
github.com/onyx-go/framework/cmd/onyx/main.go:262.2,262.41 1 0
github.com/onyx-go/framework/cmd/onyx/main.go:262.41,263.20 1 0
github.com/onyx-go/framework/cmd/onyx/main.go:263.20,265.29 2 0
github.com/onyx-go/framework/cmd/onyx/main.go:265.29,267.5 1 0
github.com/onyx-go/framework/cmd/onyx/main.go:271.2,272.64 2 0
github.com/onyx-go/framework/cmd/onyx/main.go:275.38,276.20 1 0
github.com/onyx-go/framework/cmd/onyx/main.go:276.20,278.3 1 0
github.com/onyx-go/framework/cmd/onyx/main.go:280.2,282.55 2 0
github.com/onyx-go/framework/cmd/onyx/main.go:282.55,284.3 1 0
github.com/onyx-go/framework/cmd/onyx/main.go:286.2,302.34 2 0
github.com/onyx-go/framework/cmd/onyx/main.go:302.34,303.76 1 0
github.com/onyx-go/framework/cmd/onyx/main.go:303.76,305.4 1 0
github.com/onyx-go/framework/cmd/onyx/main.go:308.2,308.52 1 0
github.com/onyx-go/framework/cmd/onyx/main.go:308.52,310.3 1 0
github.com/onyx-go/framework/cmd/onyx/main.go:312.2,312.49 1 0
github.com/onyx-go/framework/cmd/onyx/main.go:312.49,314.3 1 0
github.com/onyx-go/framework/cmd/onyx/main.go:316.2,316.54 1 0
github.com/onyx-go/framework/cmd/onyx/main.go:316.54,318.3 1 0
github.com/onyx-go/framework/cmd/onyx/main.go:320.2,324.12 4 0
github.com/onyx-go/framework/cmd/onyx/main.go:327.42,328.20 1 0
github.com/onyx-go/framework/cmd/onyx/main.go:328.20,330.3 1 0
github.com/onyx-go/framework/cmd/onyx/main.go:332.2,333.54 2 0
github.com/onyx-go/framework/cmd/onyx/main.go:333.54,335.3 1 0
github.com/onyx-go/framework/cmd/onyx/main.go:337.2,384.3 2 0
github.com/onyx-go/framework/cmd/onyx/main.go:387.37,388.20 1 0
github.com/onyx-go/framework/cmd/onyx/main.go:388.20,390.3 1 0
github.com/onyx-go/framework/cmd/onyx/main.go:392.2,445.3 4 0
github.com/onyx-go/framework/cmd/onyx/main.go:448.42,449.20 1 0
github.com/onyx-go/framework/cmd/onyx/main.go:449.20,451.3 1 0
github.com/onyx-go/framework/cmd/onyx/main.go:453.2,454.54 2 0
github.com/onyx-go/framework/cmd/onyx/main.go:454.54,456.3 1 0
github.com/onyx-go/framework/cmd/onyx/main.go:458.2,476.3 2 0
github.com/onyx-go/framework/cmd/onyx/main.go:479.33,481.19 2 0
github.com/onyx-go/framework/cmd/onyx/main.go:481.19,483.3 1 0
github.com/onyx-go/framework/cmd/onyx/main.go:485.2,490.46 4 0
github.com/onyx-go/framework/cmd/onyx/main.go:490.46,493.3 2 0
github.com/onyx-go/framework/cmd/onyx/main.go:493.8,497.3 3 0
github.com/onyx-go/framework/cmd/onyx/main.go:498.2,504.12 6 0
github.com/onyx-go/framework/cmd/onyx/main.go:507.47,553.2 2 0
github.com/onyx-go/framework/cmd/onyx/main.go:555.44,572.2 2 0
github.com/onyx-go/framework/cmd/onyx/main.go:574.49,615.2 2 0
github.com/onyx-go/framework/cmd/onyx/main.go:617.79,619.16 2 0
github.com/onyx-go/framework/cmd/onyx/main.go:619.16,621.3 1 0
github.com/onyx-go/framework/cmd/onyx/main.go:623.2,623.66 1 0
github.com/onyx-go/framework/cmd/onyx/main.go:623.66,625.3 1 0
github.com/onyx-go/framework/cmd/onyx/main.go:627.2,628.16 2 0
github.com/onyx-go/framework/cmd/onyx/main.go:628.16,630.3 1 0
github.com/onyx-go/framework/cmd/onyx/main.go:631.2,633.49 2 0
github.com/onyx-go/framework/cmd/onyx/main.go:633.49,635.3 1 0
github.com/onyx-go/framework/cmd/onyx/main.go:637.2,638.12 2 0
github.com/onyx-go/framework/cmd/onyx/main.go:642.39,657.2 11 0
github.com/onyx-go/framework/cmd/onyx/main.go:659.40,679.2 17 0
github.com/onyx-go/framework/cmd/onyx/main.go:681.40,699.2 15 0
github.com/onyx-go/framework/cmd/onyx/main.go:705.41,706.20 1 0
github.com/onyx-go/framework/cmd/onyx/main.go:706.20,708.3 1 0
github.com/onyx-go/framework/cmd/onyx/main.go:710.2,714.57 3 0
github.com/onyx-go/framework/cmd/onyx/main.go:714.57,716.3 1 0
github.com/onyx-go/framework/cmd/onyx/main.go:719.2,761.3 6 0
github.com/onyx-go/framework/cmd/onyx/main.go:764.35,768.16 3 0
github.com/onyx-go/framework/cmd/onyx/main.go:768.16,770.3 1 0
github.com/onyx-go/framework/cmd/onyx/main.go:771.2,788.12 13 0
github.com/onyx-go/framework/cmd/onyx/main.go:791.43,793.19 2 0
github.com/onyx-go/framework/cmd/onyx/main.go:793.19,795.3 1 0
github.com/onyx-go/framework/cmd/onyx/main.go:797.2,800.16 3 0
github.com/onyx-go/framework/cmd/onyx/main.go:800.16,802.3 1 0
github.com/onyx-go/framework/cmd/onyx/main.go:803.2,817.12 11 0
github.com/onyx-go/framework/cmd/onyx/main.go:820.40,824.16 3 0
github.com/onyx-go/framework/cmd/onyx/main.go:824.16,826.3 1 0
github.com/onyx-go/framework/cmd/onyx/main.go:827.2,840.12 11 0
github.com/onyx-go/framework/cmd/onyx/main.go:843.40,847.16 3 0
github.com/onyx-go/framework/cmd/onyx/main.go:847.16,849.3 1 0
github.com/onyx-go/framework/cmd/onyx/main.go:850.2,863.12 11 0
github.com/onyx-go/framework/cmd/onyx/main.go:866.41,871.16 4 0
github.com/onyx-go/framework/cmd/onyx/main.go:871.16,873.3 1 0
github.com/onyx-go/framework/cmd/onyx/main.go:874.2,881.16 5 0
github.com/onyx-go/framework/cmd/onyx/main.go:882.15,883.121 1 0
github.com/onyx-go/framework/cmd/onyx/main.go:884.18,885.91 1 0
github.com/onyx-go/framework/cmd/onyx/main.go:886.17,887.90 1 0
github.com/onyx-go/framework/cmd/onyx/main.go:888.10,889.63 1 0
github.com/onyx-go/framework/cmd/onyx/main.go:892.2,894.16 3 0
github.com/onyx-go/framework/cmd/onyx/main.go:894.16,896.3 1 0
github.com/onyx-go/framework/cmd/onyx/main.go:898.2,898.16 1 0
github.com/onyx-go/framework/cmd/onyx/main.go:898.16,901.3 2 0
github.com/onyx-go/framework/cmd/onyx/main.go:904.2,905.16 2 0
github.com/onyx-go/framework/cmd/onyx/main.go:905.16,907.3 1 0
github.com/onyx-go/framework/cmd/onyx/main.go:908.2,913.18 4 0
github.com/onyx-go/framework/cmd/onyx/main.go:913.18,916.55 3 0
github.com/onyx-go/framework/cmd/onyx/main.go:916.55,918.4 1 0
github.com/onyx-go/framework/cmd/onyx/main.go:919.3,919.49 1 0
github.com/onyx-go/framework/cmd/onyx/main.go:922.2,922.19 1 0
github.com/onyx-go/framework/cmd/onyx/main.go:929.38,930.20 1 0
github.com/onyx-go/framework/cmd/onyx/main.go:930.20,932.3 1 0
github.com/onyx-go/framework/cmd/onyx/main.go:934.2,935.46 2 0
github.com/onyx-go/framework/cmd/onyx/main.go:935.46,937.3 1 0
github.com/onyx-go/framework/cmd/onyx/main.go:940.2,941.52 2 0
github.com/onyx-go/framework/cmd/onyx/main.go:941.52,943.3 1 0
github.com/onyx-go/framework/cmd/onyx/main.go:945.2,985.3 3 0
github.com/onyx-go/framework/cmd/onyx/main.go:988.34,992.16 3 0
github.com/onyx-go/framework/cmd/onyx/main.go:992.16,994.3 1 0
github.com/onyx-go/framework/cmd/onyx/main.go:995.2,1001.53 4 0
github.com/onyx-go/framework/cmd/onyx/main.go:1001.53,1005.3 3 0
github.com/onyx-go/framework/cmd/onyx/main.go:1007.2,1008.16 2 0
github.com/onyx-go/framework/cmd/onyx/main.go:1008.16,1010.3 1 0
github.com/onyx-go/framework/cmd/onyx/main.go:1012.2,1013.29 2 0
github.com/onyx-go/framework/cmd/onyx/main.go:1013.29,1014.61 1 0
github.com/onyx-go/framework/cmd/onyx/main.go:1014.61,1016.4 1 0
github.com/onyx-go/framework/cmd/onyx/main.go:1019.2,1019.22 1 0
github.com/onyx-go/framework/cmd/onyx/main.go:1019.22,1023.3 3 0
github.com/onyx-go/framework/cmd/onyx/main.go:1025.2,1036.12 11 0
github.com/onyx-go/framework/cmd/onyx/main.go:1043.38,1048.45 3 0
github.com/onyx-go/framework/cmd/onyx/main.go:1048.45,1050.17 2 0
github.com/onyx-go/framework/cmd/onyx/main.go:1050.17,1052.4 1 0
github.com/onyx-go/framework/cmd/onyx/main.go:1054.3,1054.30 1 0
github.com/onyx-go/framework/cmd/onyx/main.go:1054.30,1055.21 1 0
github.com/onyx-go/framework/cmd/onyx/main.go:1055.21,1057.47 2 0
github.com/onyx-go/framework/cmd/onyx/main.go:1057.47,1059.6 1 0
github.com/onyx-go/framework/cmd/onyx/main.go:1063.3,1063.59 1 0
github.com/onyx-go/framework/cmd/onyx/main.go:1064.8,1066.3 1 0
github.com/onyx-go/framework/cmd/onyx/main.go:1069.2,1070.52 2 0
github.com/onyx-go/framework/cmd/onyx/main.go:1070.52,1071.52 1 0
github.com/onyx-go/framework/cmd/onyx/main.go:1071.52,1073.4 1 0
github.com/onyx-go/framework/cmd/onyx/main.go:1073.9,1075.4 1 0
github.com/onyx-go/framework/cmd/onyx/main.go:1078.2,1079.12 2 0
github.com/onyx-go/framework/cmd/onyx/main.go:1082.37,1087.53 4 0
github.com/onyx-go/framework/cmd/onyx/main.go:1087.53,1090.3 2 0
github.com/onyx-go/framework/cmd/onyx/main.go:1092.2,1093.16 2 0
github.com/onyx-go/framework/cmd/onyx/main.go:1093.16,1095.3 1 0
github.com/onyx-go/framework/cmd/onyx/main.go:1097.2,1097.21 1 0
github.com/onyx-go/framework/cmd/onyx/main.go:1097.21,1100.3 2 0
github.com/onyx-go/framework/cmd/onyx/main.go:1102.2,1105.29 3 0
github.com/onyx-go/framework/cmd/onyx/main.go:1105.29,1106.20 1 0
github.com/onyx-go/framework/cmd/onyx/main.go:1106.20,1108.18 2 0
github.com/onyx-go/framework/cmd/onyx/main.go:1108.18,1109.13 1 0
github.com/onyx-go/framework/cmd/onyx/main.go:1112.4,1114.19 3 0
github.com/onyx-go/framework/cmd/onyx/main.go:1114.19,1116.5 1 0
github.com/onyx-go/framework/cmd/onyx/main.go:1117.4,1117.24 1 0
github.com/onyx-go/framework/cmd/onyx/main.go:1117.24,1119.5 1 0
github.com/onyx-go/framework/cmd/onyx/main.go:1121.4,1124.13 1 0
github.com/onyx-go/framework/cmd/onyx/main.go:1128.2,1128.12 1 0
github.com/onyx-go/framework/cmd/onyx/main.go:1135.39,1140.52 3 0
github.com/onyx-go/framework/cmd/onyx/main.go:1140.52,1142.3 1 0
github.com/onyx-go/framework/cmd/onyx/main.go:1145.2,1148.46 3 0
github.com/onyx-go/framework/cmd/onyx/main.go:1148.46,1150.17 2 0
github.com/onyx-go/framework/cmd/onyx/main.go:1150.17,1152.4 1 0
github.com/onyx-go/framework/cmd/onyx/main.go:1154.3,1154.30 1 0
github.com/onyx-go/framework/cmd/onyx/main.go:1154.30,1155.64 1 0
github.com/onyx-go/framework/cmd/onyx/main.go:1155.64,1160.19 4 0
github.com/onyx-go/framework/cmd/onyx/main.go:1160.19,1162.14 2 0
github.com/onyx-go/framework/cmd/onyx/main.go:1166.5,1166.45 1 0
github.com/onyx-go/framework/cmd/onyx/main.go:1171.2,1174.12 3 0
github.com/onyx-go/framework/cmd/onyx/main.go:1177.39,1181.52 3 0
github.com/onyx-go/framework/cmd/onyx/main.go:1181.52,1182.52 1 0
github.com/onyx-go/framework/cmd/onyx/main.go:1182.52,1184.4 1 0
github.com/onyx-go/framework/cmd/onyx/main.go:1185.3,1185.49 1 0
github.com/onyx-go/framework/cmd/onyx/main.go:1186.8,1188.3 1 0
github.com/onyx-go/framework/cmd/onyx/main.go:1190.2,1190.12 1 0
github.com/onyx-go/framework/cmd/onyx/main.go:1197.37,1222.2 22 0
github.com/onyx-go/framework/cmd/onyx/main.go:1228.55,1231.55 2 0
github.com/onyx-go/framework/cmd/onyx/main.go:1231.55,1235.3 2 0
github.com/onyx-go/framework/cmd/onyx/main.go:1239.2,1240.27 2 0
github.com/onyx-go/framework/cmd/onyx/main.go:1243.35,1245.29 2 0
github.com/onyx-go/framework/cmd/onyx/main.go:1245.29,1246.20 1 0
github.com/onyx-go/framework/cmd/onyx/main.go:1246.20,1248.4 1 0
github.com/onyx-go/framework/cmd/onyx/main.go:1250.2,1250.32 1 0
github.com/onyx-go/framework/cmd/onyx/main.go:1257.40,1266.27 6 0
github.com/onyx-go/framework/cmd/onyx/main.go:1266.27,1267.14 1 0
github.com/onyx-go/framework/cmd/onyx/main.go:1268.19,1269.23 1 0
github.com/onyx-go/framework/cmd/onyx/main.go:1269.23,1271.5 1 0
github.com/onyx-go/framework/cmd/onyx/main.go:1272.19,1273.23 1 0
github.com/onyx-go/framework/cmd/onyx/main.go:1273.23,1275.5 1 0
github.com/onyx-go/framework/cmd/onyx/main.go:1276.28,1277.25 1 0
github.com/onyx-go/framework/cmd/onyx/main.go:1278.17,1294.14 16 0
github.com/onyx-go/framework/cmd/onyx/main.go:1299.2,1299.50 1 0
github.com/onyx-go/framework/cmd/onyx/main.go:1299.50,1301.3 1 0
github.com/onyx-go/framework/cmd/onyx/main.go:1303.2,1325.16 19 0
github.com/onyx-go/framework/cmd/onyx/main.go:1326.14,1337.79 3 0
github.com/onyx-go/framework/cmd/onyx/main.go:1337.79,1339.4 1 0
github.com/onyx-go/framework/cmd/onyx/main.go:1341.14,1349.79 3 0
github.com/onyx-go/framework/cmd/onyx/main.go:1349.79,1351.4 1 0
github.com/onyx-go/framework/cmd/onyx/main.go:1353.18,1367.79 3 0
github.com/onyx-go/framework/cmd/onyx/main.go:1367.79,1369.4 1 0
github.com/onyx-go/framework/cmd/onyx/main.go:1372.2,1374.12 3 0
github.com/onyx-go/framework/cmd/onyx/main.go:1377.37,1386.27 6 0
github.com/onyx-go/framework/cmd/onyx/main.go:1386.27,1387.14 1 0
github.com/onyx-go/framework/cmd/onyx/main.go:1388.17,1389.23 1 0
github.com/onyx-go/framework/cmd/onyx/main.go:1389.23,1391.5 1 0
github.com/onyx-go/framework/cmd/onyx/main.go:1392.17,1393.23 1 0
github.com/onyx-go/framework/cmd/onyx/main.go:1393.23,1395.5 1 0
github.com/onyx-go/framework/cmd/onyx/main.go:1396.17,1397.23 1 0
github.com/onyx-go/framework/cmd/onyx/main.go:1397.23,1399.5 1 0
github.com/onyx-go/framework/cmd/onyx/main.go:1400.17,1416.14 16 0
github.com/onyx-go/framework/cmd/onyx/main.go:1420.2,1444.12 23 0
github.com/onyx-go/framework/cmd/onyx/main.go:1447.38,1456.27 6 0
github.com/onyx-go/framework/cmd/onyx/main.go:1456.27,1457.14 1 0
github.com/onyx-go/framework/cmd/onyx/main.go:1458.19,1459.23 1 0
github.com/onyx-go/framework/cmd/onyx/main.go:1459.23,1461.5 1 0
github.com/onyx-go/framework/cmd/onyx/main.go:1462.19,1463.23 1 0
github.com/onyx-go/framework/cmd/onyx/main.go:1463.23,1465.5 1 0
github.com/onyx-go/framework/cmd/onyx/main.go:1466.20,1467.23 1 0
github.com/onyx-go/framework/cmd/onyx/main.go:1467.23,1469.5 1 0
github.com/onyx-go/framework/cmd/onyx/main.go:1470.17,1486.14 16 0
github.com/onyx-go/framework/cmd/onyx/main.go:1490.2,1490.18 1 0
github.com/onyx-go/framework/cmd/onyx/main.go:1490.18,1491.17 1 0
github.com/onyx-go/framework/cmd/onyx/main.go:1492.15,1493.23 1 0
github.com/onyx-go/framework/cmd/onyx/main.go:1494.15,1495.23 1 0
github.com/onyx-go/framework/cmd/onyx/main.go:1496.19,1497.21 1 0
github.com/onyx-go/framework/cmd/onyx/main.go:1498.18,1499.38 1 0
github.com/onyx-go/framework/cmd/onyx/main.go:1500.11,1501.33 1 0
github.com/onyx-go/framework/cmd/onyx/main.go:1505.2,1507.19 3 0
github.com/onyx-go/framework/cmd/onyx/main.go:1507.19,1509.3 1 0
github.com/onyx-go/framework/cmd/onyx/main.go:1510.2,1522.12 11 0
github.com/onyx-go/framework/cmd/onyx/main.go:1525.40,1533.27 5 0
github.com/onyx-go/framework/cmd/onyx/main.go:1533.27,1534.14 1 0
github.com/onyx-go/framework/cmd/onyx/main.go:1535.17,1536.23 1 0
github.com/onyx-go/framework/cmd/onyx/main.go:1536.23,1538.5 1 0
github.com/onyx-go/framework/cmd/onyx/main.go:1539.19,1540.17 1 0
github.com/onyx-go/framework/cmd/onyx/main.go:1541.17,1556.14 15 0
github.com/onyx-go/framework/cmd/onyx/main.go:1560.2,1565.49 4 0
github.com/onyx-go/framework/cmd/onyx/main.go:1565.49,1569.3 3 0
github.com/onyx-go/framework/cmd/onyx/main.go:1571.2,1594.12 21 0
github.com/onyx-go/framework/cmd/onyx/main.go:1597.37,1606.27 6 0
github.com/onyx-go/framework/cmd/onyx/main.go:1606.27,1607.14 1 0
github.com/onyx-go/framework/cmd/onyx/main.go:1608.19,1609.23 1 0
github.com/onyx-go/framework/cmd/onyx/main.go:1609.23,1611.5 1 0
github.com/onyx-go/framework/cmd/onyx/main.go:1612.19,1613.23 1 0
github.com/onyx-go/framework/cmd/onyx/main.go:1613.23,1615.5 1 0
github.com/onyx-go/framework/cmd/onyx/main.go:1616.17,1617.19 1 0
github.com/onyx-go/framework/cmd/onyx/main.go:1618.17,1635.14 17 0
github.com/onyx-go/framework/cmd/onyx/main.go:1639.2,1640.18 2 0
github.com/onyx-go/framework/cmd/onyx/main.go:1640.18,1642.3 1 0
github.com/onyx-go/framework/cmd/onyx/main.go:1643.2,1646.23 3 0
github.com/onyx-go/framework/cmd/onyx/main.go:1646.23,1649.15 2 0
github.com/onyx-go/framework/cmd/onyx/main.go:1649.15,1651.4 1 0
github.com/onyx-go/framework/cmd/onyx/main.go:1652.3,1664.32 4 0
github.com/onyx-go/framework/cmd/onyx/main.go:1664.32,1665.63 1 0
github.com/onyx-go/framework/cmd/onyx/main.go:1665.63,1666.13 1 0
github.com/onyx-go/framework/cmd/onyx/main.go:1669.4,1671.16 2 0
github.com/onyx-go/framework/cmd/onyx/main.go:1671.16,1673.5 1 0
github.com/onyx-go/framework/cmd/onyx/main.go:1674.4,1674.21 1 0
github.com/onyx-go/framework/cmd/onyx/main.go:1676.8,1676.29 1 0
github.com/onyx-go/framework/cmd/onyx/main.go:1676.29,1694.3 1 0
github.com/onyx-go/framework/cmd/onyx/main.go:1696.2,1707.12 11 0
github.com/onyx-go/framework/cmd/onyx/main.go:1710.35,1719.27 6 0
github.com/onyx-go/framework/cmd/onyx/main.go:1719.27,1720.14 1 0
github.com/onyx-go/framework/cmd/onyx/main.go:1721.19,1722.23 1 0
github.com/onyx-go/framework/cmd/onyx/main.go:1722.23,1724.5 1 0
github.com/onyx-go/framework/cmd/onyx/main.go:1725.19,1726.23 1 0
github.com/onyx-go/framework/cmd/onyx/main.go:1726.23,1728.5 1 0
github.com/onyx-go/framework/cmd/onyx/main.go:1729.20,1730.23 1 0
github.com/onyx-go/framework/cmd/onyx/main.go:1730.23,1732.5 1 0
github.com/onyx-go/framework/cmd/onyx/main.go:1733.17,1749.14 16 0
github.com/onyx-go/framework/cmd/onyx/main.go:1753.2,1755.19 3 0
github.com/onyx-go/framework/cmd/onyx/main.go:1755.19,1757.3 1 0
github.com/onyx-go/framework/cmd/onyx/main.go:1758.2,1794.71 14 0
github.com/onyx-go/framework/cmd/onyx/main.go:1794.71,1796.3 1 0
github.com/onyx-go/framework/cmd/onyx/main.go:1798.2,1798.12 1 0
github.com/onyx-go/framework/cmd/onyx/main.go:1801.37,1810.27 6 0
github.com/onyx-go/framework/cmd/onyx/main.go:1810.27,1811.14 1 0
github.com/onyx-go/framework/cmd/onyx/main.go:1812.21,1813.23 1 0
github.com/onyx-go/framework/cmd/onyx/main.go:1813.23,1815.5 1 0
github.com/onyx-go/framework/cmd/onyx/main.go:1816.19,1817.23 1 0
github.com/onyx-go/framework/cmd/onyx/main.go:1817.23,1819.5 1 0
github.com/onyx-go/framework/cmd/onyx/main.go:1820.17,1821.23 1 0
github.com/onyx-go/framework/cmd/onyx/main.go:1821.23,1823.5 1 0
github.com/onyx-go/framework/cmd/onyx/main.go:1824.17,1840.14 16 0
github.com/onyx-go/framework/cmd/onyx/main.go:1844.2,1850.50 5 0
github.com/onyx-go/framework/cmd/onyx/main.go:1850.50,1852.3 1 0
github.com/onyx-go/framework/cmd/onyx/main.go:1854.2,1869.18 13 0
github.com/onyx-go/framework/cmd/onyx/main.go:1870.20,1884.29 2 0
github.com/onyx-go/framework/cmd/onyx/main.go:1886.16,1898.14 2 0
github.com/onyx-go/framework/cmd/onyx/main.go:1900.12,1920.3 2 0
github.com/onyx-go/framework/cmd/onyx/main.go:1923.2,1924.75 2 0
github.com/onyx-go/framework/cmd/onyx/main.go:1924.75,1926.3 1 0
github.com/onyx-go/framework/cmd/onyx/main.go:1928.2,1931.12 3 0
github.com/onyx-go/framework/cmd/onyx/main.go:1934.35,1943.27 6 0
github.com/onyx-go/framework/cmd/onyx/main.go:1943.27,1944.14 1 0
github.com/onyx-go/framework/cmd/onyx/main.go:1945.21,1946.23 1 0
github.com/onyx-go/framework/cmd/onyx/main.go:1946.23,1948.5 1 0
github.com/onyx-go/framework/cmd/onyx/main.go:1949.19,1950.23 1 0
github.com/onyx-go/framework/cmd/onyx/main.go:1950.23,1952.5 1 0
github.com/onyx-go/framework/cmd/onyx/main.go:1953.21,1954.23 1 0
github.com/onyx-go/framework/cmd/onyx/main.go:1954.23,1956.5 1 0
github.com/onyx-go/framework/cmd/onyx/main.go:1957.17,1973.14 16 0
github.com/onyx-go/framework/cmd/onyx/main.go:1977.2,1978.20 2 0
github.com/onyx-go/framework/cmd/onyx/main.go:1978.20,1980.3 1 0
github.com/onyx-go/framework/cmd/onyx/main.go:1980.8,1982.3 1 0
github.com/onyx-go/framework/cmd/onyx/main.go:1983.2,2011.31 18 0
github.com/onyx-go/framework/cmd/onyx/main.go:2011.31,2012.47 1 0
github.com/onyx-go/framework/cmd/onyx/main.go:2012.47,2013.12 1 0
github.com/onyx-go/framework/cmd/onyx/main.go:2015.3,2015.45 1 0
github.com/onyx-go/framework/cmd/onyx/main.go:2015.45,2016.12 1 0
github.com/onyx-go/framework/cmd/onyx/main.go:2019.3,2020.37 2 0
github.com/onyx-go/framework/cmd/onyx/main.go:2023.2,2029.12 6 0
github.com/onyx-go/framework/api_annotations.go:18.34,25.2 1 0
github.com/onyx-go/framework/api_annotations.go:28.58,31.2 2 0
github.com/onyx-go/framework/api_annotations.go:34.66,37.2 2 0
github.com/onyx-go/framework/api_annotations.go:40.55,43.2 2 0
github.com/onyx-go/framework/api_annotations.go:46.50,49.2 2 0
github.com/onyx-go/framework/api_annotations.go:52.47,55.2 2 0
github.com/onyx-go/framework/api_annotations.go:58.43,61.2 2 0
github.com/onyx-go/framework/api_annotations.go:64.70,66.2 1 0
github.com/onyx-go/framework/api_annotations.go:69.73,71.2 1 0
github.com/onyx-go/framework/api_annotations.go:74.97,76.2 1 0
github.com/onyx-go/framework/api_annotations.go:79.129,81.2 1 0
github.com/onyx-go/framework/api_annotations.go:84.87,86.2 1 0
github.com/onyx-go/framework/api_annotations.go:89.127,102.20 2 0
github.com/onyx-go/framework/api_annotations.go:102.20,104.3 1 0
github.com/onyx-go/framework/api_annotations.go:106.2,107.10 2 0
github.com/onyx-go/framework/api_annotations.go:111.124,112.30 1 0
github.com/onyx-go/framework/api_annotations.go:112.30,116.3 1 0
github.com/onyx-go/framework/api_annotations.go:118.2,124.10 4 0
github.com/onyx-go/framework/api_annotations.go:128.108,130.2 1 0
github.com/onyx-go/framework/api_annotations.go:133.92,139.2 2 0
github.com/onyx-go/framework/api_annotations.go:142.93,144.2 1 0
github.com/onyx-go/framework/api_annotations.go:147.93,149.2 1 0
github.com/onyx-go/framework/api_annotations.go:152.54,154.2 1 0
github.com/onyx-go/framework/api_annotations.go:157.73,159.2 1 0
github.com/onyx-go/framework/api_annotations.go:162.57,164.2 1 0
github.com/onyx-go/framework/api_annotations.go:167.54,169.2 1 0
github.com/onyx-go/framework/api_annotations.go:172.53,174.2 1 0
github.com/onyx-go/framework/api_annotations.go:177.58,179.2 1 0
github.com/onyx-go/framework/api_annotations.go:182.76,183.27 1 0
github.com/onyx-go/framework/api_annotations.go:183.27,185.3 1 0
github.com/onyx-go/framework/api_annotations.go:187.2,191.10 4 0
github.com/onyx-go/framework/api_annotations.go:195.47,197.2 1 0
github.com/onyx-go/framework/api_annotations.go:200.47,202.2 1 0
github.com/onyx-go/framework/api_annotations.go:205.74,206.27 1 0
github.com/onyx-go/framework/api_annotations.go:206.27,208.3 1 0
github.com/onyx-go/framework/api_annotations.go:209.2,210.10 2 0
github.com/onyx-go/framework/api_annotations.go:214.50,216.2 1 0
github.com/onyx-go/framework/api_annotations.go:221.24,223.2 1 0
github.com/onyx-go/framework/api_annotations.go:226.75,229.2 1 0
github.com/onyx-go/framework/api_annotations.go:238.58,240.2 1 0
github.com/onyx-go/framework/api_annotations.go:243.79,248.2 1 0
github.com/onyx-go/framework/api_annotations.go:253.36,255.2 1 0
github.com/onyx-go/framework/api_annotations.go:258.33,260.2 1 0
github.com/onyx-go/framework/api_annotations.go:263.34,265.2 1 0
github.com/onyx-go/framework/api_annotations.go:268.60,273.2 1 0
github.com/onyx-go/framework/api_annotations.go:276.92,282.2 1 0
github.com/onyx-go/framework/api_annotations.go:285.43,287.2 1 0
github.com/onyx-go/framework/api_annotations.go:292.34,300.2 1 0
github.com/onyx-go/framework/api_annotations.go:303.44,312.2 1 0
github.com/onyx-go/framework/api_annotations.go:315.67,321.2 1 0
github.com/onyx-go/framework/api_annotations.go:324.69,329.2 1 0
github.com/onyx-go/framework/api_annotations.go:365.66,368.15 2 0
github.com/onyx-go/framework/api_annotations.go:368.15,370.3 1 0
github.com/onyx-go/framework/api_annotations.go:374.2,376.3 1 0
github.com/onyx-go/framework/api_annotations.go:398.105,404.2 1 0
github.com/onyx-go/framework/api_annotations.go:407.128,410.16 3 0
github.com/onyx-go/framework/api_annotations.go:410.16,412.3 1 0
github.com/onyx-go/framework/api_annotations.go:416.129,419.16 3 0
github.com/onyx-go/framework/api_annotations.go:419.16,421.3 1 0
github.com/onyx-go/framework/api_annotations.go:425.128,428.16 3 0
github.com/onyx-go/framework/api_annotations.go:428.16,430.3 1 0
github.com/onyx-go/framework/api_annotations.go:434.131,437.16 3 0
github.com/onyx-go/framework/api_annotations.go:437.16,439.3 1 0
github.com/onyx-go/framework/api_annotations.go:445.99,499.2 2 0
github.com/onyx-go/framework/api_annotations.go:502.57,541.2 3 0
github.com/onyx-go/framework/api_docs.go:88.80,89.19 1 1
github.com/onyx-go/framework/api_docs.go:89.19,95.3 1 0
github.com/onyx-go/framework/api_docs.go:97.2,104.3 1 1
github.com/onyx-go/framework/api_docs.go:108.61,112.2 3 0
github.com/onyx-go/framework/api_docs.go:115.81,119.2 3 1
github.com/onyx-go/framework/api_docs.go:122.83,126.2 3 0
github.com/onyx-go/framework/api_docs.go:129.52,133.2 3 1
github.com/onyx-go/framework/api_docs.go:136.89,140.2 3 0
github.com/onyx-go/framework/api_docs.go:143.98,149.2 4 1
github.com/onyx-go/framework/api_docs.go:152.97,158.2 4 0
github.com/onyx-go/framework/api_docs.go:161.73,163.2 1 0
github.com/onyx-go/framework/api_docs.go:166.79,170.21 3 0
github.com/onyx-go/framework/api_docs.go:170.21,172.3 1 0
github.com/onyx-go/framework/api_docs.go:174.2,187.42 3 0
github.com/onyx-go/framework/api_docs.go:187.42,189.3 1 0
github.com/onyx-go/framework/api_docs.go:192.2,192.29 1 0
github.com/onyx-go/framework/api_docs.go:192.29,194.3 1 0
github.com/onyx-go/framework/api_docs.go:197.2,197.46 1 0
github.com/onyx-go/framework/api_docs.go:197.46,199.3 1 0
github.com/onyx-go/framework/api_docs.go:202.2,208.28 3 0
github.com/onyx-go/framework/api_docs.go:208.28,210.3 1 0
github.com/onyx-go/framework/api_docs.go:211.2,211.36 1 0
github.com/onyx-go/framework/api_docs.go:211.36,213.3 1 0
github.com/onyx-go/framework/api_docs.go:214.2,214.38 1 0
github.com/onyx-go/framework/api_docs.go:214.38,216.3 1 0
github.com/onyx-go/framework/api_docs.go:218.2,218.18 1 0
github.com/onyx-go/framework/api_docs.go:222.79,223.41 1 0
github.com/onyx-go/framework/api_docs.go:223.41,231.3 7 0
github.com/onyx-go/framework/api_docs.go:235.96,236.22 1 0
github.com/onyx-go/framework/api_docs.go:236.22,238.3 1 0
github.com/onyx-go/framework/api_docs.go:240.2,242.13 3 0
github.com/onyx-go/framework/api_docs.go:242.13,244.3 1 0
github.com/onyx-go/framework/api_docs.go:246.2,246.23 1 0
github.com/onyx-go/framework/api_docs.go:246.23,248.3 1 0
github.com/onyx-go/framework/api_docs.go:249.2,249.27 1 0
github.com/onyx-go/framework/api_docs.go:249.27,251.3 1 0
github.com/onyx-go/framework/api_docs.go:252.2,252.23 1 0
github.com/onyx-go/framework/api_docs.go:252.23,254.3 1 0
github.com/onyx-go/framework/api_docs.go:255.2,255.20 1 0
github.com/onyx-go/framework/api_docs.go:255.20,257.3 1 0
github.com/onyx-go/framework/api_docs.go:260.2,260.45 1 0
github.com/onyx-go/framework/api_docs.go:260.45,261.43 1 0
github.com/onyx-go/framework/api_docs.go:261.43,262.62 1 0
github.com/onyx-go/framework/api_docs.go:262.62,263.35 1 0
github.com/onyx-go/framework/api_docs.go:263.35,265.6 1 0
github.com/onyx-go/framework/api_docs.go:266.5,266.32 1 0
github.com/onyx-go/framework/api_docs.go:266.32,268.6 1 0
github.com/onyx-go/framework/api_docs.go:269.5,269.10 1 0
github.com/onyx-go/framework/api_docs.go:275.2,275.60 1 0
github.com/onyx-go/framework/api_docs.go:275.60,276.40 1 0
github.com/onyx-go/framework/api_docs.go:276.40,278.4 1 0
github.com/onyx-go/framework/api_docs.go:279.3,279.60 1 0
github.com/onyx-go/framework/api_docs.go:283.2,283.47 1 0
github.com/onyx-go/framework/api_docs.go:283.47,284.60 1 0
github.com/onyx-go/framework/api_docs.go:284.60,285.37 1 0
github.com/onyx-go/framework/api_docs.go:285.37,287.5 1 0
github.com/onyx-go/framework/api_docs.go:288.4,288.40 1 0
github.com/onyx-go/framework/api_docs.go:289.9,294.33 2 0
github.com/onyx-go/framework/api_docs.go:294.33,300.5 1 0
github.com/onyx-go/framework/api_docs.go:301.4,301.43 1 0
github.com/onyx-go/framework/api_docs.go:306.2,306.27 1 0
github.com/onyx-go/framework/api_docs.go:306.27,308.3 1 0
github.com/onyx-go/framework/api_docs.go:312.112,333.29 6 1
github.com/onyx-go/framework/api_docs.go:333.29,337.52 2 1
github.com/onyx-go/framework/api_docs.go:337.52,341.4 1 1
github.com/onyx-go/framework/api_docs.go:343.3,343.21 1 1
github.com/onyx-go/framework/api_docs.go:343.21,344.12 1 1
github.com/onyx-go/framework/api_docs.go:348.3,348.73 1 1
github.com/onyx-go/framework/api_docs.go:348.73,350.4 1 1
github.com/onyx-go/framework/api_docs.go:350.9,350.81 1 1
github.com/onyx-go/framework/api_docs.go:350.81,352.4 1 1
github.com/onyx-go/framework/api_docs.go:352.9,352.85 1 1
github.com/onyx-go/framework/api_docs.go:352.85,354.4 1 1
github.com/onyx-go/framework/api_docs.go:354.9,354.78 1 1
github.com/onyx-go/framework/api_docs.go:354.78,356.29 2 1
github.com/onyx-go/framework/api_docs.go:356.29,358.5 1 1
github.com/onyx-go/framework/api_docs.go:359.4,359.23 1 1
github.com/onyx-go/framework/api_docs.go:360.9,360.79 1 1
github.com/onyx-go/framework/api_docs.go:360.79,369.4 2 1
github.com/onyx-go/framework/api_docs.go:369.9,369.81 1 1
github.com/onyx-go/framework/api_docs.go:369.81,377.4 2 1
github.com/onyx-go/framework/api_docs.go:377.9,377.81 1 1
github.com/onyx-go/framework/api_docs.go:377.81,385.4 2 1
github.com/onyx-go/framework/api_docs.go:385.9,385.54 1 1
github.com/onyx-go/framework/api_docs.go:385.54,387.4 1 0
github.com/onyx-go/framework/api_docs.go:391.2,391.38 1 1
github.com/onyx-go/framework/api_docs.go:391.38,393.3 1 1
github.com/onyx-go/framework/api_docs.go:395.2,395.20 1 1
github.com/onyx-go/framework/api_docs.go:399.81,405.38 4 0
github.com/onyx-go/framework/api_docs.go:405.38,407.3 1 0
github.com/onyx-go/framework/api_docs.go:411.70,413.16 2 0
github.com/onyx-go/framework/api_docs.go:413.16,415.3 1 0
github.com/onyx-go/framework/api_docs.go:417.2,421.33 3 0
github.com/onyx-go/framework/api_docs.go:421.33,423.3 1 0
github.com/onyx-go/framework/api_docs.go:424.2,427.27 2 0
github.com/onyx-go/framework/api_docs.go:427.27,429.39 2 0
github.com/onyx-go/framework/api_docs.go:429.39,431.4 1 0
github.com/onyx-go/framework/api_docs.go:432.3,432.23 1 0
github.com/onyx-go/framework/api_docs.go:436.2,436.24 1 0
github.com/onyx-go/framework/api_docs.go:436.24,438.33 2 0
github.com/onyx-go/framework/api_docs.go:438.33,440.29 2 0
github.com/onyx-go/framework/api_docs.go:440.29,442.5 1 0
github.com/onyx-go/framework/api_docs.go:443.4,443.24 1 0
github.com/onyx-go/framework/api_docs.go:448.2,449.41 2 0
github.com/onyx-go/framework/api_docs.go:449.41,462.45 3 0
github.com/onyx-go/framework/api_docs.go:462.45,463.24 1 0
github.com/onyx-go/framework/api_docs.go:463.24,464.13 1 0
github.com/onyx-go/framework/api_docs.go:467.4,469.31 2 0
github.com/onyx-go/framework/api_docs.go:469.31,471.5 1 0
github.com/onyx-go/framework/api_docs.go:473.4,473.35 1 0
github.com/onyx-go/framework/api_docs.go:473.35,475.5 1 0
github.com/onyx-go/framework/api_docs.go:477.4,477.31 1 0
github.com/onyx-go/framework/api_docs.go:477.31,479.5 1 0
github.com/onyx-go/framework/api_docs.go:482.4,482.37 1 0
github.com/onyx-go/framework/api_docs.go:482.37,486.48 4 0
github.com/onyx-go/framework/api_docs.go:486.48,488.24 2 0
github.com/onyx-go/framework/api_docs.go:488.24,490.7 1 0
github.com/onyx-go/framework/api_docs.go:491.6,492.56 2 0
github.com/onyx-go/framework/api_docs.go:492.56,494.7 1 0
github.com/onyx-go/framework/api_docs.go:495.6,496.69 1 0
github.com/onyx-go/framework/api_docs.go:498.5,498.25 1 0
github.com/onyx-go/framework/api_docs.go:502.4,502.36 1 0
github.com/onyx-go/framework/api_docs.go:502.36,506.53 4 0
github.com/onyx-go/framework/api_docs.go:506.53,508.6 1 0
github.com/onyx-go/framework/api_docs.go:509.5,509.25 1 0
github.com/onyx-go/framework/api_docs.go:512.4,512.29 1 0
github.com/onyx-go/framework/api_docs.go:516.2,516.25 1 0
github.com/onyx-go/framework/api_docs.go:520.66,522.16 2 0
github.com/onyx-go/framework/api_docs.go:522.16,524.3 1 0
github.com/onyx-go/framework/api_docs.go:526.2,526.43 1 0
github.com/onyx-go/framework/api_docs.go:530.66,532.16 2 0
github.com/onyx-go/framework/api_docs.go:532.16,534.3 1 0
github.com/onyx-go/framework/api_docs.go:537.2,538.16 2 0
github.com/onyx-go/framework/api_docs.go:538.16,540.3 1 0
github.com/onyx-go/framework/api_docs.go:543.2,549.29 6 0
github.com/onyx-go/framework/api_docs.go:553.101,559.2 4 0
github.com/onyx-go/framework/api_docs.go:562.81,567.29 4 1
github.com/onyx-go/framework/api_docs.go:567.29,569.3 1 1
github.com/onyx-go/framework/api_docs.go:570.2,570.15 1 1
github.com/onyx-go/framework/api_docs.go:576.59,580.26 2 1
github.com/onyx-go/framework/api_docs.go:580.26,582.3 1 1
github.com/onyx-go/framework/api_docs.go:584.2,584.28 1 1
github.com/onyx-go/framework/api_docs.go:584.28,586.3 1 1
github.com/onyx-go/framework/api_docs.go:589.2,589.21 1 1
github.com/onyx-go/framework/api_docs.go:589.21,591.3 1 1
github.com/onyx-go/framework/api_docs.go:593.2,594.16 2 0
github.com/onyx-go/framework/api_docs.go:594.16,597.3 2 0
github.com/onyx-go/framework/api_docs.go:600.2,600.41 1 0
github.com/onyx-go/framework/api_docs.go:600.41,601.36 1 0
github.com/onyx-go/framework/api_docs.go:601.36,603.4 1 0
github.com/onyx-go/framework/api_docs.go:605.3,610.33 2 0
github.com/onyx-go/framework/api_docs.go:610.33,611.17 1 0
github.com/onyx-go/framework/api_docs.go:611.17,612.13 1 0
github.com/onyx-go/framework/api_docs.go:615.4,615.30 1 0
github.com/onyx-go/framework/api_docs.go:615.30,617.5 1 0
github.com/onyx-go/framework/api_docs.go:621.2,621.15 1 0
github.com/onyx-go/framework/api_docs.go:625.76,633.2 2 0
github.com/onyx-go/framework/api_docs.go:636.91,644.2 2 0
github.com/onyx-go/framework/api_integration.go:21.76,38.2 1 0
github.com/onyx-go/framework/api_integration.go:41.94,44.2 2 0
github.com/onyx-go/framework/api_integration.go:47.112,50.2 2 0
github.com/onyx-go/framework/api_integration.go:53.75,54.31 1 0
github.com/onyx-go/framework/api_integration.go:54.31,56.3 1 0
github.com/onyx-go/framework/api_integration.go:57.2,57.27 1 0
github.com/onyx-go/framework/api_integration.go:61.108,62.31 1 0
github.com/onyx-go/framework/api_integration.go:62.31,64.3 1 0
github.com/onyx-go/framework/api_integration.go:66.2,69.12 3 0
github.com/onyx-go/framework/api_integration.go:73.137,74.31 1 0
github.com/onyx-go/framework/api_integration.go:74.31,76.3 1 0
github.com/onyx-go/framework/api_integration.go:78.2,81.12 3 0
github.com/onyx-go/framework/api_integration.go:85.56,90.31 2 0
github.com/onyx-go/framework/api_integration.go:90.31,94.60 2 0
github.com/onyx-go/framework/api_integration.go:94.60,96.4 1 0
github.com/onyx-go/framework/api_integration.go:100.2,111.31 3 0
github.com/onyx-go/framework/api_integration.go:111.31,113.3 1 0
github.com/onyx-go/framework/api_integration.go:115.2,115.12 1 0
github.com/onyx-go/framework/api_integration.go:119.88,121.2 1 0
github.com/onyx-go/framework/api_integration.go:124.76,126.2 1 0
github.com/onyx-go/framework/api_integration.go:129.89,131.2 1 0
github.com/onyx-go/framework/api_integration.go:134.69,136.2 1 0
github.com/onyx-go/framework/api_integration.go:139.125,140.27 1 0
github.com/onyx-go/framework/api_integration.go:140.27,142.3 1 0
github.com/onyx-go/framework/api_integration.go:143.2,143.12 1 0
github.com/onyx-go/framework/api_integration.go:147.143,148.30 1 0
github.com/onyx-go/framework/api_integration.go:148.30,150.21 2 0
github.com/onyx-go/framework/api_integration.go:150.21,152.4 1 0
github.com/onyx-go/framework/api_integration.go:154.2,154.12 1 0
github.com/onyx-go/framework/api_integration.go:158.108,159.27 1 0
github.com/onyx-go/framework/api_integration.go:159.27,161.3 1 0
github.com/onyx-go/framework/api_integration.go:162.2,162.12 1 0
github.com/onyx-go/framework/api_integration.go:166.110,167.27 1 0
github.com/onyx-go/framework/api_integration.go:167.27,169.3 1 0
github.com/onyx-go/framework/api_integration.go:170.2,170.12 1 0
github.com/onyx-go/framework/api_integration.go:174.95,180.27 2 0
github.com/onyx-go/framework/api_integration.go:180.27,182.3 1 0
github.com/onyx-go/framework/api_integration.go:183.2,183.12 1 0
github.com/onyx-go/framework/api_integration.go:187.78,188.27 1 0
github.com/onyx-go/framework/api_integration.go:188.27,190.3 1 0
github.com/onyx-go/framework/api_integration.go:191.2,191.12 1 0
github.com/onyx-go/framework/api_integration.go:195.93,196.27 1 0
github.com/onyx-go/framework/api_integration.go:196.27,198.3 1 0
github.com/onyx-go/framework/api_integration.go:199.2,199.12 1 0
github.com/onyx-go/framework/api_integration.go:203.83,204.30 1 0
github.com/onyx-go/framework/api_integration.go:204.30,206.17 2 0
github.com/onyx-go/framework/api_integration.go:206.17,208.4 1 0
github.com/onyx-go/framework/api_integration.go:209.3,209.33 1 0
github.com/onyx-go/framework/api_integration.go:212.2,212.27 1 0
github.com/onyx-go/framework/api_integration.go:212.27,214.3 1 0
github.com/onyx-go/framework/api_integration.go:216.2,216.62 1 0
github.com/onyx-go/framework/api_integration.go:222.75,227.2 3 0
github.com/onyx-go/framework/api_integration.go:230.79,231.64 1 0
github.com/onyx-go/framework/api_integration.go:231.64,232.60 1 0
github.com/onyx-go/framework/api_integration.go:232.60,234.4 1 0
github.com/onyx-go/framework/api_integration.go:236.2,236.12 1 0
github.com/onyx-go/framework/api_integration.go:242.35,243.32 1 0
github.com/onyx-go/framework/api_integration.go:243.32,244.53 1 0
github.com/onyx-go/framework/api_integration.go:244.53,249.31 4 0
github.com/onyx-go/framework/api_integration.go:249.31,253.5 3 0
github.com/onyx-go/framework/api_integration.go:255.3,255.18 1 0
github.com/onyx-go/framework/api_integration.go:260.45,261.32 1 0
github.com/onyx-go/framework/api_integration.go:261.32,263.57 1 0
github.com/onyx-go/framework/api_integration.go:263.57,265.4 1 0
github.com/onyx-go/framework/api_integration.go:268.3,269.22 2 0
github.com/onyx-go/framework/api_integration.go:269.22,271.4 1 0
github.com/onyx-go/framework/api_integration.go:272.3,274.18 2 0
github.com/onyx-go/framework/api_integration.go:281.112,310.2 8 0
github.com/onyx-go/framework/api_integration.go:313.107,364.2 16 0
github.com/onyx-go/framework/api_integration.go:375.3,377.33 1 0
github.com/onyx-go/framework/api_integration.go:378.13,379.43 1 0
github.com/onyx-go/framework/api_integration.go:380.14,381.44 1 0
github.com/onyx-go/framework/api_integration.go:382.13,383.43 1 0
github.com/onyx-go/framework/api_integration.go:384.16,385.46 1 0
github.com/onyx-go/framework/api_integration.go:386.15,387.45 1 0
github.com/onyx-go/framework/api_integration.go:388.17,389.47 1 0
github.com/onyx-go/framework/api_integration.go:390.14,391.44 1 0
github.com/onyx-go/framework/api_integration.go:395.2,395.79 1 0
github.com/onyx-go/framework/api_integration.go:395.79,397.3 1 0
github.com/onyx-go/framework/api_integration.go:407.3,415.79 3 0
github.com/onyx-go/framework/api_integration.go:415.79,417.3 1 0
github.com/onyx-go/framework/api_integration.go:426.3,431.77 3 0
github.com/onyx-go/framework/api_integration.go:431.77,433.3 1 0
github.com/onyx-go/framework/api_integration.go:436.2,436.82 1 0
github.com/onyx-go/framework/api_integration.go:436.82,438.3 1 0
github.com/onyx-go/framework/api_integration.go:441.2,441.76 1 0
github.com/onyx-go/framework/api_integration.go:441.76,443.3 1 0
github.com/onyx-go/framework/api_integration.go:446.2,446.82 1 0
github.com/onyx-go/framework/api_integration.go:446.82,448.3 1 0
github.com/onyx-go/framework/api_integration.go:451.2,451.82 1 0
github.com/onyx-go/framework/api_integration.go:451.82,453.3 1 0
github.com/onyx-go/framework/api_integration.go:457.77,461.2 1 0
github.com/onyx-go/framework/api_integration.go:466.58,470.20 3 0
github.com/onyx-go/framework/api_integration.go:470.20,473.3 2 0
github.com/onyx-go/framework/api_integration.go:475.2,475.31 1 0
github.com/onyx-go/framework/api_integration.go:475.31,478.3 2 0
github.com/onyx-go/framework/api_integration.go:480.2,480.34 1 0
github.com/onyx-go/framework/api_integration.go:480.34,482.51 2 0
github.com/onyx-go/framework/api_integration.go:482.51,483.36 1 0
github.com/onyx-go/framework/api_integration.go:483.36,485.5 1 0
github.com/onyx-go/framework/api_integration.go:489.2,489.15 1 0
github.com/onyx-go/framework/api_versioning.go:68.48,78.2 1 1
github.com/onyx-go/framework/api_versioning.go:81.64,85.2 3 0
github.com/onyx-go/framework/api_versioning.go:88.57,92.2 3 0
github.com/onyx-go/framework/api_versioning.go:95.61,99.2 3 0
github.com/onyx-go/framework/api_versioning.go:102.59,109.2 5 0
github.com/onyx-go/framework/api_versioning.go:112.78,116.2 3 0
github.com/onyx-go/framework/api_versioning.go:119.80,123.2 3 0
github.com/onyx-go/framework/api_versioning.go:126.73,130.27 3 1
github.com/onyx-go/framework/api_versioning.go:130.27,132.3 1 0
github.com/onyx-go/framework/api_versioning.go:134.2,134.55 1 1
github.com/onyx-go/framework/api_versioning.go:134.55,136.3 1 0
github.com/onyx-go/framework/api_versioning.go:139.2,139.26 1 1
github.com/onyx-go/framework/api_versioning.go:139.26,141.3 1 0
github.com/onyx-go/framework/api_versioning.go:142.2,142.31 1 1
github.com/onyx-go/framework/api_versioning.go:142.31,144.3 1 0
github.com/onyx-go/framework/api_versioning.go:147.2,156.29 3 1
github.com/onyx-go/framework/api_versioning.go:156.29,158.3 1 1
github.com/onyx-go/framework/api_versioning.go:160.2,160.12 1 1
github.com/onyx-go/framework/api_versioning.go:164.77,169.2 4 1
github.com/onyx-go/framework/api_versioning.go:172.70,177.32 4 1
github.com/onyx-go/framework/api_versioning.go:177.32,179.3 1 1
github.com/onyx-go/framework/api_versioning.go:180.2,180.15 1 1
github.com/onyx-go/framework/api_versioning.go:184.73,189.32 4 0
github.com/onyx-go/framework/api_versioning.go:189.32,190.35 1 0
github.com/onyx-go/framework/api_versioning.go:190.35,192.4 1 0
github.com/onyx-go/framework/api_versioning.go:194.2,194.15 1 0
github.com/onyx-go/framework/api_versioning.go:198.89,203.13 4 1
github.com/onyx-go/framework/api_versioning.go:203.13,205.3 1 0
github.com/onyx-go/framework/api_versioning.go:207.2,212.20 5 1
github.com/onyx-go/framework/api_versioning.go:212.20,214.3 1 1
github.com/onyx-go/framework/api_versioning.go:216.2,216.12 1 1
github.com/onyx-go/framework/api_versioning.go:220.63,225.13 4 0
github.com/onyx-go/framework/api_versioning.go:225.13,227.3 1 0
github.com/onyx-go/framework/api_versioning.go:229.2,230.22 2 0
github.com/onyx-go/framework/api_versioning.go:230.22,233.3 2 0
github.com/onyx-go/framework/api_versioning.go:235.2,235.12 1 0
github.com/onyx-go/framework/api_versioning.go:239.71,243.32 3 0
github.com/onyx-go/framework/api_versioning.go:243.32,244.70 1 0
github.com/onyx-go/framework/api_versioning.go:244.70,246.4 1 0
github.com/onyx-go/framework/api_versioning.go:249.2,249.26 1 0
github.com/onyx-go/framework/api_versioning.go:253.71,254.32 1 0
github.com/onyx-go/framework/api_versioning.go:254.32,260.14 3 0
github.com/onyx-go/framework/api_versioning.go:260.14,262.89 1 0
github.com/onyx-go/framework/api_versioning.go:262.89,264.15 2 0
github.com/onyx-go/framework/api_versioning.go:264.15,267.6 2 0
github.com/onyx-go/framework/api_versioning.go:270.4,270.15 1 0
github.com/onyx-go/framework/api_versioning.go:270.15,272.5 1 0
github.com/onyx-go/framework/api_versioning.go:276.3,276.41 1 0
github.com/onyx-go/framework/api_versioning.go:276.41,278.4 1 0
github.com/onyx-go/framework/api_versioning.go:281.3,281.57 1 0
github.com/onyx-go/framework/api_versioning.go:281.57,282.77 1 0
github.com/onyx-go/framework/api_versioning.go:282.77,284.5 1 0
github.com/onyx-go/framework/api_versioning.go:288.3,293.25 4 0
github.com/onyx-go/framework/api_versioning.go:293.25,295.30 2 0
github.com/onyx-go/framework/api_versioning.go:295.30,297.5 1 0
github.com/onyx-go/framework/api_versioning.go:300.3,300.18 1 0
github.com/onyx-go/framework/api_versioning.go:305.74,309.22 3 0
github.com/onyx-go/framework/api_versioning.go:309.22,311.3 1 0
github.com/onyx-go/framework/api_versioning.go:313.2,315.42 3 0
github.com/onyx-go/framework/api_versioning.go:315.42,317.3 1 0
github.com/onyx-go/framework/api_versioning.go:319.2,322.35 3 0
github.com/onyx-go/framework/api_versioning.go:322.35,324.24 2 0
github.com/onyx-go/framework/api_versioning.go:324.24,325.12 1 0
github.com/onyx-go/framework/api_versioning.go:328.3,330.45 3 0
github.com/onyx-go/framework/api_versioning.go:330.45,332.4 1 0
github.com/onyx-go/framework/api_versioning.go:335.3,336.15 2 0
github.com/onyx-go/framework/api_versioning.go:336.15,338.4 1 0
github.com/onyx-go/framework/api_versioning.go:340.3,340.25 1 0
github.com/onyx-go/framework/api_versioning.go:340.25,343.4 2 0
github.com/onyx-go/framework/api_versioning.go:346.2,346.16 1 0
github.com/onyx-go/framework/api_versioning.go:356.70,361.2 1 0
github.com/onyx-go/framework/api_versioning.go:364.60,365.51 1 0
github.com/onyx-go/framework/api_versioning.go:365.51,367.3 1 0
github.com/onyx-go/framework/api_versioning.go:369.2,371.15 3 0
github.com/onyx-go/framework/api_versioning.go:375.52,379.13 3 0
github.com/onyx-go/framework/api_versioning.go:379.13,381.3 1 0
github.com/onyx-go/framework/api_versioning.go:384.2,385.12 2 0
github.com/onyx-go/framework/api_versioning.go:394.71,398.62 3 0
github.com/onyx-go/framework/api_versioning.go:398.62,400.3 1 0
github.com/onyx-go/framework/api_versioning.go:403.2,403.58 1 0
github.com/onyx-go/framework/api_versioning.go:403.58,405.3 1 0
github.com/onyx-go/framework/api_versioning.go:408.2,408.50 1 0
github.com/onyx-go/framework/api_versioning.go:408.50,410.3 1 0
github.com/onyx-go/framework/api_versioning.go:413.2,414.18 2 0
github.com/onyx-go/framework/api_versioning.go:414.18,416.65 2 0
github.com/onyx-go/framework/api_versioning.go:416.65,418.4 1 0
github.com/onyx-go/framework/api_versioning.go:421.2,421.11 1 0
github.com/onyx-go/framework/api_versioning.go:430.70,432.2 1 0
github.com/onyx-go/framework/api_versioning.go:440.68,442.71 2 0
github.com/onyx-go/framework/api_versioning.go:442.71,444.3 1 0
github.com/onyx-go/framework/api_versioning.go:445.2,445.11 1 0
github.com/onyx-go/framework/api_versioning.go:454.95,459.28 3 0
github.com/onyx-go/framework/api_versioning.go:459.28,464.25 3 0
github.com/onyx-go/framework/api_versioning.go:464.25,467.4 2 0
github.com/onyx-go/framework/api_versioning.go:471.2,471.36 1 0
github.com/onyx-go/framework/api_versioning.go:471.36,478.3 1 0
github.com/onyx-go/framework/api_versioning.go:480.2,480.12 1 0
github.com/onyx-go/framework/api_versioning.go:487.94,489.2 1 0
github.com/onyx-go/framework/api_versioning.go:497.95,499.36 1 0
github.com/onyx-go/framework/api_versioning.go:499.36,508.3 1 0
github.com/onyx-go/framework/api_versioning.go:511.2,511.22 1 0
github.com/onyx-go/framework/api_versioning.go:511.22,513.3 1 0
github.com/onyx-go/framework/api_versioning.go:516.2,517.33 2 0
github.com/onyx-go/framework/api_versioning.go:517.33,519.3 1 0
github.com/onyx-go/framework/api_versioning.go:520.2,520.28 1 0
github.com/onyx-go/framework/api_versioning.go:520.28,522.3 1 0
github.com/onyx-go/framework/api_versioning.go:524.2,524.12 1 0
github.com/onyx-go/framework/api_versioning.go:538.110,546.2 2 0
github.com/onyx-go/framework/api_versioning.go:549.66,552.2 2 0
github.com/onyx-go/framework/api_versioning.go:555.103,558.2 2 0
github.com/onyx-go/framework/api_versioning.go:561.104,564.2 2 0
github.com/onyx-go/framework/api_versioning.go:567.103,570.2 2 0
github.com/onyx-go/framework/api_versioning.go:573.106,576.2 2 0
github.com/onyx-go/framework/api_versioning.go:579.105,582.2 2 0
github.com/onyx-go/framework/api_versioning.go:587.76,596.2 1 1
github.com/onyx-go/framework/api_versioning.go:599.105,612.2 2 0
github.com/onyx-go/framework/api_versioning.go:615.47,616.54 1 0
github.com/onyx-go/framework/api_versioning.go:616.54,617.36 1 0
github.com/onyx-go/framework/api_versioning.go:617.36,619.4 1 0
github.com/onyx-go/framework/api_versioning.go:621.2,621.11 1 0
github.com/onyx-go/framework/api_versioning.go:625.56,626.63 1 0
github.com/onyx-go/framework/api_versioning.go:626.63,627.45 1 0
github.com/onyx-go/framework/api_versioning.go:627.45,629.4 1 0
github.com/onyx-go/framework/api_versioning.go:631.2,631.12 1 0
github.com/onyx-go/framework/api_versioning.go:635.43,636.69 1 0
github.com/onyx-go/framework/api_versioning.go:636.69,638.3 1 0
github.com/onyx-go/framework/api_versioning.go:639.2,639.14 1 0
github.com/onyx-go/framework/api_versioning.go:643.89,649.30 4 1
github.com/onyx-go/framework/api_versioning.go:649.30,651.31 2 1
github.com/onyx-go/framework/api_versioning.go:651.31,654.4 1 1
github.com/onyx-go/framework/api_versioning.go:657.2,657.15 1 1
github.com/onyx-go/framework/api_versioning.go:661.63,668.44 4 1
github.com/onyx-go/framework/api_versioning.go:668.44,670.3 1 0
github.com/onyx-go/framework/api_versioning.go:672.2,675.25 3 1
github.com/onyx-go/framework/application.go:17.25,61.45 5 1
github.com/onyx-go/framework/application.go:61.45,63.3 1 0
github.com/onyx-go/framework/application.go:66.2,72.12 5 1
github.com/onyx-go/framework/application.go:75.53,86.2 3 0
github.com/onyx-go/framework/application.go:88.42,90.2 1 0
github.com/onyx-go/framework/application.go:92.48,94.2 1 0
github.com/onyx-go/framework/application.go:96.80,99.2 2 0
github.com/onyx-go/framework/application.go:101.58,103.2 1 0
github.com/onyx-go/framework/application.go:105.70,107.2 1 1
github.com/onyx-go/framework/application.go:109.41,111.2 1 1
github.com/onyx-go/framework/application.go:113.46,115.2 1 1
github.com/onyx-go/framework/application.go:117.54,119.2 1 0
github.com/onyx-go/framework/application.go:121.40,122.32 1 1
github.com/onyx-go/framework/application.go:122.32,131.17 5 1
github.com/onyx-go/framework/application.go:131.17,133.4 1 0
github.com/onyx-go/framework/application.go:136.3,148.20 3 1
github.com/onyx-go/framework/application.go:148.20,150.4 1 0
github.com/onyx-go/framework/application.go:150.9,150.27 1 1
github.com/onyx-go/framework/application.go:150.27,152.4 1 0
github.com/onyx-go/framework/application.go:152.9,154.4 1 1
github.com/onyx-go/framework/application.go:156.3,156.13 1 1
github.com/onyx-go/framework/application.go:160.42,161.32 1 1
github.com/onyx-go/framework/application.go:161.32,162.16 1 1
github.com/onyx-go/framework/application.go:162.16,163.36 1 1
github.com/onyx-go/framework/application.go:163.36,184.5 7 1
github.com/onyx-go/framework/application.go:187.3,187.18 1 1
github.com/onyx-go/framework/application.go:191.55,193.33 2 1
github.com/onyx-go/framework/application.go:193.33,195.3 1 0
github.com/onyx-go/framework/application.go:197.2,197.32 1 1
github.com/onyx-go/framework/application.go:197.32,200.80 2 1
github.com/onyx-go/framework/application.go:200.80,202.4 1 1
github.com/onyx-go/framework/application.go:204.3,207.30 3 1
github.com/onyx-go/framework/application.go:207.30,211.4 3 1
github.com/onyx-go/framework/application.go:213.3,213.18 1 1
github.com/onyx-go/framework/application.go:218.46,220.67 1 1
github.com/onyx-go/framework/application.go:220.67,222.3 1 1
github.com/onyx-go/framework/application.go:225.2,226.19 2 1
github.com/onyx-go/framework/application.go:226.19,231.3 4 1
github.com/onyx-go/framework/application.go:234.2,235.56 2 1
github.com/onyx-go/framework/application.go:235.56,237.3 1 0
github.com/onyx-go/framework/application.go:239.2,241.17 3 1
github.com/onyx-go/framework/application.go:245.48,247.21 2 1
github.com/onyx-go/framework/application.go:247.21,249.3 1 1
github.com/onyx-go/framework/application.go:250.2,250.47 1 0
github.com/onyx-go/framework/application.go:254.47,256.21 2 1
github.com/onyx-go/framework/application.go:256.21,258.3 1 1
github.com/onyx-go/framework/application.go:259.2,259.12 1 0
github.com/onyx-go/framework/auth.go:55.52,62.2 1 0
github.com/onyx-go/framework/auth.go:64.52,66.19 2 0
github.com/onyx-go/framework/auth.go:66.19,68.3 1 0
github.com/onyx-go/framework/auth.go:70.2,70.51 1 0
github.com/onyx-go/framework/auth.go:70.51,72.3 1 0
github.com/onyx-go/framework/auth.go:74.2,74.41 1 0
github.com/onyx-go/framework/auth.go:77.62,79.19 2 0
github.com/onyx-go/framework/auth.go:79.19,81.3 1 0
github.com/onyx-go/framework/auth.go:83.2,83.64 1 0
github.com/onyx-go/framework/auth.go:83.64,85.3 1 0
github.com/onyx-go/framework/auth.go:87.2,87.12 1 0
github.com/onyx-go/framework/auth.go:90.64,92.2 1 0
github.com/onyx-go/framework/auth.go:94.77,96.2 1 0
github.com/onyx-go/framework/auth.go:98.62,100.21 2 0
github.com/onyx-go/framework/auth.go:100.21,101.68 1 0
github.com/onyx-go/framework/auth.go:104.2,106.14 3 0
github.com/onyx-go/framework/auth.go:119.90,124.2 1 0
github.com/onyx-go/framework/auth.go:126.38,128.2 1 0
github.com/onyx-go/framework/auth.go:130.38,132.2 1 0
github.com/onyx-go/framework/auth.go:134.37,135.18 1 0
github.com/onyx-go/framework/auth.go:135.18,137.3 1 0
github.com/onyx-go/framework/auth.go:139.2,139.20 1 0
github.com/onyx-go/framework/auth.go:139.20,141.3 1 0
github.com/onyx-go/framework/auth.go:143.2,143.23 1 0
github.com/onyx-go/framework/auth.go:143.23,145.16 2 0
github.com/onyx-go/framework/auth.go:145.16,146.61 1 0
github.com/onyx-go/framework/auth.go:146.61,148.5 1 0
github.com/onyx-go/framework/auth.go:151.3,152.44 2 0
github.com/onyx-go/framework/auth.go:152.44,153.95 1 0
github.com/onyx-go/framework/auth.go:153.95,156.5 2 0
github.com/onyx-go/framework/auth.go:160.2,160.16 1 0
github.com/onyx-go/framework/auth.go:163.42,164.18 1 0
github.com/onyx-go/framework/auth.go:164.18,166.3 1 0
github.com/onyx-go/framework/auth.go:168.2,168.20 1 0
github.com/onyx-go/framework/auth.go:168.20,170.3 1 0
github.com/onyx-go/framework/auth.go:172.2,172.37 1 0
github.com/onyx-go/framework/auth.go:175.75,177.16 2 0
github.com/onyx-go/framework/auth.go:177.16,179.3 1 0
github.com/onyx-go/framework/auth.go:181.2,181.59 1 0
github.com/onyx-go/framework/auth.go:184.89,186.16 2 0
github.com/onyx-go/framework/auth.go:186.16,188.3 1 0
github.com/onyx-go/framework/auth.go:190.2,192.56 2 0
github.com/onyx-go/framework/auth.go:192.56,195.3 2 0
github.com/onyx-go/framework/auth.go:197.2,197.14 1 0
github.com/onyx-go/framework/auth.go:200.63,203.14 2 0
github.com/onyx-go/framework/auth.go:203.14,205.3 1 0
github.com/onyx-go/framework/auth.go:207.2,210.12 3 0
github.com/onyx-go/framework/auth.go:213.75,215.16 2 0
github.com/onyx-go/framework/auth.go:215.16,217.3 1 0
github.com/onyx-go/framework/auth.go:219.2,219.33 1 0
github.com/onyx-go/framework/auth.go:222.71,223.30 1 0
github.com/onyx-go/framework/auth.go:223.30,226.3 2 0
github.com/onyx-go/framework/auth.go:228.2,228.14 1 0
github.com/onyx-go/framework/auth.go:231.40,236.50 3 0
github.com/onyx-go/framework/auth.go:236.50,238.3 1 0
github.com/onyx-go/framework/auth.go:240.2,243.12 3 0
github.com/onyx-go/framework/auth.go:246.44,249.2 2 0
github.com/onyx-go/framework/auth.go:251.53,253.2 1 0
github.com/onyx-go/framework/auth.go:255.54,257.20 2 0
github.com/onyx-go/framework/auth.go:257.20,258.51 1 0
github.com/onyx-go/framework/auth.go:258.51,260.4 1 0
github.com/onyx-go/framework/auth.go:264.42,266.2 1 0
github.com/onyx-go/framework/auth.go:268.50,270.2 1 0
github.com/onyx-go/framework/auth.go:272.53,273.23 1 0
github.com/onyx-go/framework/auth.go:273.23,275.3 1 0
github.com/onyx-go/framework/auth.go:276.2,276.12 1 0
github.com/onyx-go/framework/auth.go:279.51,280.23 1 0
github.com/onyx-go/framework/auth.go:280.23,281.66 1 0
github.com/onyx-go/framework/auth.go:281.66,282.37 1 0
github.com/onyx-go/framework/auth.go:282.37,284.5 1 0
github.com/onyx-go/framework/auth.go:287.2,287.11 1 0
github.com/onyx-go/framework/auth.go:290.55,291.23 1 0
github.com/onyx-go/framework/auth.go:291.23,294.3 2 0
github.com/onyx-go/framework/auth.go:297.56,301.23 4 0
github.com/onyx-go/framework/auth.go:301.23,303.3 1 0
github.com/onyx-go/framework/auth.go:306.56,310.2 3 0
github.com/onyx-go/framework/auth.go:312.55,316.2 3 0
github.com/onyx-go/framework/auth.go:318.52,319.23 1 0
github.com/onyx-go/framework/auth.go:319.23,322.3 2 0
github.com/onyx-go/framework/auth.go:331.74,337.2 1 0
github.com/onyx-go/framework/auth.go:339.85,343.2 3 0
github.com/onyx-go/framework/auth.go:345.102,352.2 3 0
github.com/onyx-go/framework/auth.go:354.85,361.2 2 0
github.com/onyx-go/framework/auth.go:363.106,366.38 2 0
github.com/onyx-go/framework/auth.go:366.38,367.24 1 0
github.com/onyx-go/framework/auth.go:367.24,369.4 1 0
github.com/onyx-go/framework/auth.go:372.2,374.19 3 0
github.com/onyx-go/framework/auth.go:377.106,379.13 2 0
github.com/onyx-go/framework/auth.go:379.13,381.3 1 0
github.com/onyx-go/framework/auth.go:383.2,384.9 2 0
github.com/onyx-go/framework/auth.go:384.9,386.3 1 0
github.com/onyx-go/framework/auth.go:388.2,388.62 1 0
github.com/onyx-go/framework/auth.go:400.44,402.2 1 0
github.com/onyx-go/framework/auth.go:404.51,406.2 1 0
github.com/onyx-go/framework/auth.go:408.49,410.2 1 0
github.com/onyx-go/framework/auth.go:412.50,414.2 1 0
github.com/onyx-go/framework/auth.go:416.55,418.2 1 0
github.com/onyx-go/framework/auth.go:420.55,422.2 1 0
github.com/onyx-go/framework/auth.go:424.53,426.2 1 0
github.com/onyx-go/framework/auth.go:428.54,430.2 1 0
github.com/onyx-go/framework/auth.go:442.38,444.2 1 0
github.com/onyx-go/framework/auth.go:446.60,448.2 1 0
github.com/onyx-go/framework/auth.go:450.58,452.2 1 0
github.com/onyx-go/framework/auth.go:454.57,456.2 1 0
github.com/onyx-go/framework/auth.go:458.43,460.2 1 0
github.com/onyx-go/framework/auth.go:462.48,464.2 1 0
github.com/onyx-go/framework/auth.go:475.54,476.32 1 0
github.com/onyx-go/framework/auth.go:476.32,478.49 2 0
github.com/onyx-go/framework/auth.go:478.49,480.23 2 0
github.com/onyx-go/framework/auth.go:480.23,482.5 1 0
github.com/onyx-go/framework/auth.go:482.10,484.5 1 0
github.com/onyx-go/framework/auth.go:486.4,486.53 1 0
github.com/onyx-go/framework/auth.go:486.53,488.5 1 0
github.com/onyx-go/framework/auth.go:490.4,490.22 1 0
github.com/onyx-go/framework/auth.go:490.22,494.5 1 0
github.com/onyx-go/framework/auth.go:496.4,496.31 1 0
github.com/onyx-go/framework/auth.go:499.3,499.18 1 0
github.com/onyx-go/framework/auth.go:503.55,504.32 1 0
github.com/onyx-go/framework/auth.go:504.32,506.49 2 0
github.com/onyx-go/framework/auth.go:506.49,508.23 2 0
github.com/onyx-go/framework/auth.go:508.23,510.5 1 0
github.com/onyx-go/framework/auth.go:510.10,512.5 1 0
github.com/onyx-go/framework/auth.go:514.4,514.21 1 0
github.com/onyx-go/framework/auth.go:514.21,516.5 1 0
github.com/onyx-go/framework/auth.go:519.3,519.18 1 0
github.com/onyx-go/framework/auth.go:523.48,525.48 2 0
github.com/onyx-go/framework/auth.go:525.48,527.22 2 0
github.com/onyx-go/framework/auth.go:527.22,529.4 1 0
github.com/onyx-go/framework/auth.go:529.9,531.4 1 0
github.com/onyx-go/framework/auth.go:533.3,533.52 1 0
github.com/onyx-go/framework/auth.go:533.52,535.4 1 0
github.com/onyx-go/framework/auth.go:537.3,537.15 1 0
github.com/onyx-go/framework/auth.go:539.2,539.12 1 0
github.com/onyx-go/framework/auth.go:542.31,543.40 1 0
github.com/onyx-go/framework/auth.go:543.40,544.31 1 0
github.com/onyx-go/framework/auth.go:544.31,546.4 1 0
github.com/onyx-go/framework/auth.go:549.2,550.18 2 0
github.com/onyx-go/framework/auth.go:550.18,552.3 1 0
github.com/onyx-go/framework/auth.go:554.2,554.12 1 0
github.com/onyx-go/framework/auth.go:557.47,558.19 1 1
github.com/onyx-go/framework/auth.go:558.19,560.3 1 0
github.com/onyx-go/framework/auth.go:561.2,561.20 1 1
github.com/onyx-go/framework/auth.go:564.54,565.19 1 1
github.com/onyx-go/framework/auth.go:565.19,567.3 1 0
github.com/onyx-go/framework/auth.go:568.2,568.21 1 1
github.com/onyx-go/framework/authorization.go:39.94,48.2 1 0
github.com/onyx-go/framework/authorization.go:50.76,52.2 1 0
github.com/onyx-go/framework/authorization.go:54.71,56.37 2 0
github.com/onyx-go/framework/authorization.go:56.37,58.3 1 0
github.com/onyx-go/framework/authorization.go:59.2,59.40 1 0
github.com/onyx-go/framework/authorization.go:62.78,64.2 1 0
github.com/onyx-go/framework/authorization.go:66.79,68.2 1 0
github.com/onyx-go/framework/authorization.go:70.79,72.2 1 0
github.com/onyx-go/framework/authorization.go:74.54,75.56 1 0
github.com/onyx-go/framework/authorization.go:75.56,75.71 1 0
github.com/onyx-go/framework/authorization.go:78.83,79.33 1 0
github.com/onyx-go/framework/authorization.go:79.33,81.3 1 0
github.com/onyx-go/framework/authorization.go:82.2,82.12 1 0
github.com/onyx-go/framework/authorization.go:85.80,86.36 1 0
github.com/onyx-go/framework/authorization.go:86.36,87.33 1 0
github.com/onyx-go/framework/authorization.go:87.33,89.4 1 0
github.com/onyx-go/framework/authorization.go:91.2,91.14 1 0
github.com/onyx-go/framework/authorization.go:94.81,96.2 1 0
github.com/onyx-go/framework/authorization.go:98.62,100.2 1 0
github.com/onyx-go/framework/authorization.go:102.60,104.2 1 0
github.com/onyx-go/framework/authorization.go:106.80,108.17 2 0
github.com/onyx-go/framework/authorization.go:108.17,110.3 1 0
github.com/onyx-go/framework/authorization.go:112.2,113.19 2 0
github.com/onyx-go/framework/authorization.go:113.19,115.3 1 0
github.com/onyx-go/framework/authorization.go:117.2,118.19 2 0
github.com/onyx-go/framework/authorization.go:118.19,121.3 2 0
github.com/onyx-go/framework/authorization.go:123.2,123.63 1 0
github.com/onyx-go/framework/authorization.go:126.104,127.46 1 0
github.com/onyx-go/framework/authorization.go:127.46,128.64 1 0
github.com/onyx-go/framework/authorization.go:128.64,130.4 1 0
github.com/onyx-go/framework/authorization.go:132.2,132.12 1 0
github.com/onyx-go/framework/authorization.go:135.115,136.45 1 0
github.com/onyx-go/framework/authorization.go:136.45,137.82 1 0
github.com/onyx-go/framework/authorization.go:137.82,139.4 1 0
github.com/onyx-go/framework/authorization.go:141.2,141.15 1 0
github.com/onyx-go/framework/authorization.go:144.101,146.21 2 0
github.com/onyx-go/framework/authorization.go:146.21,149.3 2 0
github.com/onyx-go/framework/authorization.go:150.2,150.12 1 0
github.com/onyx-go/framework/authorization.go:153.111,154.55 1 0
github.com/onyx-go/framework/authorization.go:154.55,156.3 1 0
github.com/onyx-go/framework/authorization.go:158.2,158.55 1 0
github.com/onyx-go/framework/authorization.go:158.55,160.3 1 0
github.com/onyx-go/framework/authorization.go:162.2,162.12 1 0
github.com/onyx-go/framework/authorization.go:165.78,166.21 1 0
github.com/onyx-go/framework/authorization.go:166.21,168.3 1 0
github.com/onyx-go/framework/authorization.go:170.2,171.35 2 0
github.com/onyx-go/framework/authorization.go:171.35,173.3 1 0
github.com/onyx-go/framework/authorization.go:175.2,175.41 1 0
github.com/onyx-go/framework/authorization.go:178.111,180.19 2 0
github.com/onyx-go/framework/authorization.go:180.19,182.3 1 0
github.com/onyx-go/framework/authorization.go:184.2,185.25 2 0
github.com/onyx-go/framework/authorization.go:185.25,186.52 1 0
github.com/onyx-go/framework/authorization.go:186.52,188.4 1 0
github.com/onyx-go/framework/authorization.go:191.2,195.23 4 0
github.com/onyx-go/framework/authorization.go:195.23,197.3 1 0
github.com/onyx-go/framework/authorization.go:199.2,199.51 1 0
github.com/onyx-go/framework/authorization.go:199.51,201.28 2 0
github.com/onyx-go/framework/authorization.go:201.28,203.4 1 0
github.com/onyx-go/framework/authorization.go:205.3,206.60 2 0
github.com/onyx-go/framework/authorization.go:206.60,208.4 1 0
github.com/onyx-go/framework/authorization.go:209.3,209.15 1 0
github.com/onyx-go/framework/authorization.go:213.70,215.37 2 0
github.com/onyx-go/framework/authorization.go:215.37,217.3 1 0
github.com/onyx-go/framework/authorization.go:219.2,219.61 1 0
github.com/onyx-go/framework/authorization.go:219.61,221.3 1 0
github.com/onyx-go/framework/authorization.go:223.2,223.12 1 0
github.com/onyx-go/framework/authorization.go:226.75,227.23 1 0
github.com/onyx-go/framework/authorization.go:227.23,229.3 1 0
github.com/onyx-go/framework/authorization.go:230.2,230.64 1 0
github.com/onyx-go/framework/authorization.go:233.49,234.28 1 0
github.com/onyx-go/framework/authorization.go:234.28,236.3 1 0
github.com/onyx-go/framework/authorization.go:237.2,237.12 1 0
github.com/onyx-go/framework/authorization.go:247.72,248.32 1 0
github.com/onyx-go/framework/authorization.go:248.32,250.51 2 0
github.com/onyx-go/framework/authorization.go:250.51,254.4 1 0
github.com/onyx-go/framework/authorization.go:255.3,255.18 1 0
github.com/onyx-go/framework/authorization.go:259.31,261.30 2 0
github.com/onyx-go/framework/authorization.go:261.30,263.3 1 0
github.com/onyx-go/framework/authorization.go:264.2,264.12 1 0
github.com/onyx-go/framework/authorization.go:267.65,269.17 2 0
github.com/onyx-go/framework/authorization.go:269.17,271.3 1 0
github.com/onyx-go/framework/authorization.go:272.2,272.37 1 0
github.com/onyx-go/framework/authorization.go:275.68,277.2 1 0
github.com/onyx-go/framework/authorization.go:279.72,281.17 2 0
github.com/onyx-go/framework/authorization.go:281.17,283.3 1 0
github.com/onyx-go/framework/authorization.go:284.2,284.41 1 0
github.com/onyx-go/framework/authorization.go:289.63,291.2 1 0
github.com/onyx-go/framework/authorization.go:297.63,299.2 1 0
github.com/onyx-go/framework/authorization.go:301.46,303.2 1 0
github.com/onyx-go/framework/authorization.go:305.65,306.39 1 0
github.com/onyx-go/framework/authorization.go:306.39,308.3 1 0
github.com/onyx-go/framework/authorization.go:309.2,309.14 1 0
github.com/onyx-go/framework/authorization.go:312.65,313.39 1 0
github.com/onyx-go/framework/authorization.go:313.39,315.3 1 0
github.com/onyx-go/framework/authorization.go:316.2,316.14 1 0
github.com/onyx-go/framework/authorization.go:319.39,320.74 1 0
github.com/onyx-go/framework/authorization.go:320.74,322.3 1 0
github.com/onyx-go/framework/authorization.go:324.2,324.72 1 0
github.com/onyx-go/framework/authorization.go:324.72,325.49 1 0
github.com/onyx-go/framework/authorization.go:325.49,327.4 1 0
github.com/onyx-go/framework/authorization.go:328.3,328.15 1 0
github.com/onyx-go/framework/authorization.go:331.2,331.73 1 0
github.com/onyx-go/framework/authorization.go:331.73,332.49 1 0
github.com/onyx-go/framework/authorization.go:332.49,333.53 1 0
github.com/onyx-go/framework/authorization.go:333.53,336.5 2 0
github.com/onyx-go/framework/authorization.go:338.3,338.13 1 0
github.com/onyx-go/framework/cache.go:43.39,45.2 1 0
github.com/onyx-go/framework/cache.go:53.36,60.2 3 0
github.com/onyx-go/framework/cache.go:62.34,66.21 3 0
github.com/onyx-go/framework/cache.go:66.21,68.35 2 0
github.com/onyx-go/framework/cache.go:68.35,69.24 1 0
github.com/onyx-go/framework/cache.go:69.24,71.5 1 0
github.com/onyx-go/framework/cache.go:73.3,73.20 1 0
github.com/onyx-go/framework/cache.go:77.61,82.13 4 0
github.com/onyx-go/framework/cache.go:82.13,84.3 1 0
github.com/onyx-go/framework/cache.go:86.2,86.22 1 0
github.com/onyx-go/framework/cache.go:86.22,89.3 2 0
github.com/onyx-go/framework/cache.go:91.2,91.24 1 0
github.com/onyx-go/framework/cache.go:94.89,99.18 4 0
github.com/onyx-go/framework/cache.go:99.18,101.3 1 0
github.com/onyx-go/framework/cache.go:103.2,109.12 2 0
github.com/onyx-go/framework/cache.go:112.69,114.2 1 0
github.com/onyx-go/framework/cache.go:116.49,122.2 4 0
github.com/onyx-go/framework/cache.go:124.38,130.2 4 0
github.com/onyx-go/framework/cache.go:132.119,133.43 1 0
github.com/onyx-go/framework/cache.go:133.43,135.3 1 0
github.com/onyx-go/framework/cache.go:137.2,139.19 3 0
github.com/onyx-go/framework/cache.go:142.102,144.2 1 0
github.com/onyx-go/framework/cache.go:146.45,149.2 2 0
github.com/onyx-go/framework/cache.go:151.49,153.2 1 0
github.com/onyx-go/framework/cache.go:155.73,157.20 2 0
github.com/onyx-go/framework/cache.go:157.20,159.3 1 0
github.com/onyx-go/framework/cache.go:161.2,165.33 4 0
github.com/onyx-go/framework/cache.go:165.33,172.3 2 0
github.com/onyx-go/framework/cache.go:174.2,174.46 1 0
github.com/onyx-go/framework/cache.go:174.46,178.3 3 0
github.com/onyx-go/framework/cache.go:180.2,180.49 1 0
github.com/onyx-go/framework/cache.go:183.73,185.20 2 0
github.com/onyx-go/framework/cache.go:185.20,187.3 1 0
github.com/onyx-go/framework/cache.go:189.2,189.38 1 0
github.com/onyx-go/framework/cache.go:192.62,194.16 2 0
github.com/onyx-go/framework/cache.go:194.16,196.3 1 0
github.com/onyx-go/framework/cache.go:198.2,199.19 2 0
github.com/onyx-go/framework/cache.go:202.76,205.27 2 0
github.com/onyx-go/framework/cache.go:205.27,206.44 1 0
github.com/onyx-go/framework/cache.go:206.44,208.4 1 0
github.com/onyx-go/framework/cache.go:211.2,211.20 1 0
github.com/onyx-go/framework/cache.go:214.92,215.32 1 0
github.com/onyx-go/framework/cache.go:215.32,216.54 1 0
github.com/onyx-go/framework/cache.go:216.54,218.4 1 0
github.com/onyx-go/framework/cache.go:220.2,220.12 1 0
github.com/onyx-go/framework/cache.go:223.56,229.2 1 0
github.com/onyx-go/framework/cache.go:231.42,232.23 1 0
github.com/onyx-go/framework/cache.go:232.23,234.3 1 0
github.com/onyx-go/framework/cache.go:236.2,239.34 3 0
github.com/onyx-go/framework/cache.go:239.34,240.31 1 0
github.com/onyx-go/framework/cache.go:240.31,241.38 1 0
github.com/onyx-go/framework/cache.go:241.38,242.23 1 0
github.com/onyx-go/framework/cache.go:242.23,244.11 2 0
github.com/onyx-go/framework/cache.go:250.2,250.12 1 0
github.com/onyx-go/framework/cache.go:258.43,259.48 1 0
github.com/onyx-go/framework/cache.go:259.48,260.66 1 0
github.com/onyx-go/framework/cache.go:263.2,266.3 1 0
github.com/onyx-go/framework/cache.go:269.87,270.65 1 0
github.com/onyx-go/framework/cache.go:270.65,272.3 1 0
github.com/onyx-go/framework/cache.go:274.2,274.47 1 0
github.com/onyx-go/framework/cache.go:277.67,279.2 1 0
github.com/onyx-go/framework/cache.go:281.97,283.18 2 0
github.com/onyx-go/framework/cache.go:283.18,285.3 1 0
github.com/onyx-go/framework/cache.go:287.2,293.16 3 0
github.com/onyx-go/framework/cache.go:293.16,295.3 1 0
github.com/onyx-go/framework/cache.go:297.2,298.43 2 0
github.com/onyx-go/framework/cache.go:301.59,302.55 1 0
github.com/onyx-go/framework/cache.go:302.55,304.3 1 0
github.com/onyx-go/framework/cache.go:306.2,308.16 3 0
github.com/onyx-go/framework/cache.go:308.16,310.3 1 0
github.com/onyx-go/framework/cache.go:312.2,313.52 2 0
github.com/onyx-go/framework/cache.go:313.52,315.3 1 0
github.com/onyx-go/framework/cache.go:317.2,317.22 1 0
github.com/onyx-go/framework/cache.go:317.22,320.3 2 0
github.com/onyx-go/framework/cache.go:322.2,323.24 2 0
github.com/onyx-go/framework/cache.go:326.47,330.2 3 0
github.com/onyx-go/framework/cache.go:332.36,335.2 2 0
github.com/onyx-go/framework/cache.go:337.55,339.2 1 0
github.com/onyx-go/framework/cache.go:346.38,351.2 1 0
github.com/onyx-go/framework/cache.go:353.53,355.19 2 0
github.com/onyx-go/framework/cache.go:355.19,357.3 1 0
github.com/onyx-go/framework/cache.go:359.2,359.51 1 0
github.com/onyx-go/framework/cache.go:359.51,361.3 1 0
github.com/onyx-go/framework/cache.go:363.2,363.34 1 0
github.com/onyx-go/framework/cache.go:366.56,369.14 2 0
github.com/onyx-go/framework/cache.go:370.16,371.27 1 0
github.com/onyx-go/framework/cache.go:372.14,373.40 1 0
github.com/onyx-go/framework/cache.go:374.10,375.27 1 0
github.com/onyx-go/framework/cache.go:378.2,379.14 2 0
github.com/onyx-go/framework/cache.go:382.54,384.2 1 0
github.com/onyx-go/framework/cache.go:386.65,388.2 1 0
github.com/onyx-go/framework/cache.go:390.74,391.32 1 0
github.com/onyx-go/framework/cache.go:391.32,394.48 2 0
github.com/onyx-go/framework/cache.go:394.48,395.43 1 0
github.com/onyx-go/framework/cache.go:395.43,397.5 1 0
github.com/onyx-go/framework/cache.go:400.3,408.68 4 0
github.com/onyx-go/framework/cache.go:408.68,410.4 1 0
github.com/onyx-go/framework/cache.go:412.3,412.13 1 0
github.com/onyx-go/framework/cache.go:422.61,425.2 2 0
github.com/onyx-go/framework/cache.go:427.57,430.2 2 0
github.com/onyx-go/framework/cache.go:432.33,434.32 2 0
github.com/onyx-go/framework/cache.go:434.32,436.3 1 0
github.com/onyx-go/framework/cache.go:437.2,437.25 1 0
github.com/onyx-go/framework/compression.go:18.51,39.2 1 1
github.com/onyx-go/framework/compression.go:51.109,57.2 1 1
github.com/onyx-go/framework/compression.go:60.59,62.2 1 1
github.com/onyx-go/framework/compression.go:65.66,66.21 1 1
github.com/onyx-go/framework/compression.go:66.21,68.3 1 0
github.com/onyx-go/framework/compression.go:70.2,74.43 3 1
github.com/onyx-go/framework/compression.go:74.43,77.3 2 1
github.com/onyx-go/framework/compression.go:80.2,81.23 2 1
github.com/onyx-go/framework/compression.go:81.23,83.3 1 0
github.com/onyx-go/framework/compression.go:85.2,85.37 1 1
github.com/onyx-go/framework/compression.go:85.37,97.17 7 1
github.com/onyx-go/framework/compression.go:97.17,101.4 1 0
github.com/onyx-go/framework/compression.go:102.8,105.3 1 1
github.com/onyx-go/framework/compression.go:109.70,111.22 1 1
github.com/onyx-go/framework/compression.go:111.22,113.3 1 0
github.com/onyx-go/framework/compression.go:116.2,116.27 1 1
github.com/onyx-go/framework/compression.go:116.27,118.3 1 1
github.com/onyx-go/framework/compression.go:121.2,121.39 1 1
github.com/onyx-go/framework/compression.go:125.78,127.38 2 1
github.com/onyx-go/framework/compression.go:127.38,128.40 1 1
github.com/onyx-go/framework/compression.go:128.40,130.4 1 1
github.com/onyx-go/framework/compression.go:132.2,132.14 1 1
github.com/onyx-go/framework/compression.go:136.52,137.27 1 1
github.com/onyx-go/framework/compression.go:137.27,139.3 1 1
github.com/onyx-go/framework/compression.go:140.2,140.12 1 1
github.com/onyx-go/framework/compression.go:144.72,146.21 2 1
github.com/onyx-go/framework/compression.go:146.21,148.3 1 1
github.com/onyx-go/framework/compression.go:148.8,150.3 1 1
github.com/onyx-go/framework/compression.go:152.2,152.32 1 1
github.com/onyx-go/framework/compression.go:152.32,155.48 2 1
github.com/onyx-go/framework/compression.go:155.48,157.4 1 1
github.com/onyx-go/framework/compression.go:160.3,161.39 2 1
github.com/onyx-go/framework/compression.go:161.39,162.40 1 1
github.com/onyx-go/framework/compression.go:162.40,164.5 1 1
github.com/onyx-go/framework/compression.go:168.3,183.13 7 1
github.com/onyx-go/framework/compression.go:188.38,190.2 1 1
github.com/onyx-go/framework/compression.go:193.91,201.2 2 1
github.com/onyx-go/framework/config.go:65.26,85.63 4 1
github.com/onyx-go/framework/config.go:85.63,87.3 1 0
github.com/onyx-go/framework/config.go:90.2,91.64 2 1
github.com/onyx-go/framework/config.go:91.64,93.3 1 0
github.com/onyx-go/framework/config.go:95.2,95.10 1 1
github.com/onyx-go/framework/config.go:99.55,103.2 3 1
github.com/onyx-go/framework/config.go:106.70,110.2 3 1
github.com/onyx-go/framework/config.go:113.31,121.39 4 1
github.com/onyx-go/framework/config.go:121.39,123.17 2 1
github.com/onyx-go/framework/config.go:123.17,125.4 1 0
github.com/onyx-go/framework/config.go:128.3,128.34 1 1
github.com/onyx-go/framework/config.go:128.34,130.4 1 1
github.com/onyx-go/framework/config.go:134.2,134.35 1 1
github.com/onyx-go/framework/config.go:134.35,135.53 1 1
github.com/onyx-go/framework/config.go:135.53,136.48 1 0
github.com/onyx-go/framework/config.go:136.48,138.5 1 0
github.com/onyx-go/framework/config.go:142.2,145.12 3 1
github.com/onyx-go/framework/config.go:149.75,154.21 3 1
github.com/onyx-go/framework/config.go:154.21,155.49 1 1
github.com/onyx-go/framework/config.go:155.49,157.4 1 1
github.com/onyx-go/framework/config.go:161.2,162.18 2 1
github.com/onyx-go/framework/config.go:162.18,164.22 1 1
github.com/onyx-go/framework/config.go:164.22,166.4 1 1
github.com/onyx-go/framework/config.go:167.3,167.15 1 1
github.com/onyx-go/framework/config.go:171.2,171.27 1 1
github.com/onyx-go/framework/config.go:171.27,173.3 1 0
github.com/onyx-go/framework/config.go:175.2,175.12 1 1
github.com/onyx-go/framework/config.go:179.71,181.35 2 1
github.com/onyx-go/framework/config.go:181.35,183.3 1 1
github.com/onyx-go/framework/config.go:185.2,185.18 1 1
github.com/onyx-go/framework/config.go:185.18,187.3 1 0
github.com/onyx-go/framework/config.go:189.2,189.27 1 1
github.com/onyx-go/framework/config.go:189.27,191.3 1 1
github.com/onyx-go/framework/config.go:193.2,193.11 1 1
github.com/onyx-go/framework/config.go:197.62,200.27 2 1
github.com/onyx-go/framework/config.go:201.11,202.11 1 1
github.com/onyx-go/framework/config.go:203.13,204.16 1 0
github.com/onyx-go/framework/config.go:205.15,206.16 1 1
github.com/onyx-go/framework/config.go:207.14,208.51 1 1
github.com/onyx-go/framework/config.go:208.51,210.4 1 1
github.com/onyx-go/framework/config.go:213.2,213.27 1 1
github.com/onyx-go/framework/config.go:213.27,215.3 1 1
github.com/onyx-go/framework/config.go:217.2,217.10 1 1
github.com/onyx-go/framework/config.go:221.68,224.27 2 0
github.com/onyx-go/framework/config.go:225.13,226.11 1 0
github.com/onyx-go/framework/config.go:227.11,228.18 1 0
github.com/onyx-go/framework/config.go:229.15,230.18 1 0
github.com/onyx-go/framework/config.go:231.14,232.63 1 0
github.com/onyx-go/framework/config.go:232.63,234.4 1 0
github.com/onyx-go/framework/config.go:237.2,237.27 1 0
github.com/onyx-go/framework/config.go:237.27,239.3 1 0
github.com/onyx-go/framework/config.go:241.2,241.10 1 0
github.com/onyx-go/framework/config.go:245.74,248.27 2 0
github.com/onyx-go/framework/config.go:249.15,250.11 1 0
github.com/onyx-go/framework/config.go:251.15,252.20 1 0
github.com/onyx-go/framework/config.go:253.11,254.20 1 0
github.com/onyx-go/framework/config.go:255.13,256.20 1 0
github.com/onyx-go/framework/config.go:257.14,258.63 1 0
github.com/onyx-go/framework/config.go:258.63,260.4 1 0
github.com/onyx-go/framework/config.go:263.2,263.27 1 0
github.com/onyx-go/framework/config.go:263.27,265.3 1 0
github.com/onyx-go/framework/config.go:267.2,267.12 1 0
github.com/onyx-go/framework/config.go:271.65,274.31 2 1
github.com/onyx-go/framework/config.go:274.31,276.3 1 1
github.com/onyx-go/framework/config.go:278.2,278.35 1 1
github.com/onyx-go/framework/config.go:278.35,279.31 1 1
github.com/onyx-go/framework/config.go:280.54,281.15 1 1
github.com/onyx-go/framework/config.go:282.57,283.16 1 1
github.com/onyx-go/framework/config.go:287.2,287.27 1 1
github.com/onyx-go/framework/config.go:287.27,289.3 1 1
github.com/onyx-go/framework/config.go:291.2,291.14 1 0
github.com/onyx-go/framework/config.go:295.87,298.40 2 1
github.com/onyx-go/framework/config.go:298.40,300.3 1 0
github.com/onyx-go/framework/config.go:302.2,302.35 1 1
github.com/onyx-go/framework/config.go:302.35,303.59 1 1
github.com/onyx-go/framework/config.go:303.59,305.4 1 1
github.com/onyx-go/framework/config.go:308.2,308.27 1 1
github.com/onyx-go/framework/config.go:308.27,310.3 1 1
github.com/onyx-go/framework/config.go:312.2,312.10 1 0
github.com/onyx-go/framework/config.go:316.80,319.39 2 1
github.com/onyx-go/framework/config.go:319.39,321.3 1 0
github.com/onyx-go/framework/config.go:323.2,323.44 1 1
github.com/onyx-go/framework/config.go:323.44,325.27 2 0
github.com/onyx-go/framework/config.go:325.27,327.4 1 0
github.com/onyx-go/framework/config.go:328.3,328.16 1 0
github.com/onyx-go/framework/config.go:331.2,331.35 1 1
github.com/onyx-go/framework/config.go:331.35,334.3 1 1
github.com/onyx-go/framework/config.go:336.2,336.27 1 1
github.com/onyx-go/framework/config.go:336.27,338.3 1 1
github.com/onyx-go/framework/config.go:340.2,340.12 1 0
github.com/onyx-go/framework/config.go:344.96,347.44 2 0
github.com/onyx-go/framework/config.go:347.44,349.3 1 0
github.com/onyx-go/framework/config.go:351.2,351.49 1 0
github.com/onyx-go/framework/config.go:351.49,353.23 2 0
github.com/onyx-go/framework/config.go:353.23,355.4 1 0
github.com/onyx-go/framework/config.go:356.3,356.16 1 0
github.com/onyx-go/framework/config.go:359.2,359.27 1 0
github.com/onyx-go/framework/config.go:359.27,361.3 1 0
github.com/onyx-go/framework/config.go:363.2,363.12 1 0
[...]
github.com/onyx-go/framework/testing.go:122.64,123.40 1 0
github.com/onyx-go/framework/testing.go:123.40,125.3 1 0
github.com/onyx-go/framework/testing.go:126.2,126.11 1 0
github.com/onyx-go/framework/testing.go:129.42,131.2 1 0
github.com/onyx-go/framework/testing.go:133.47,135.2 1 0
github.com/onyx-go/framework/testing.go:137.49,139.2 1 0
github.com/onyx-go/framework/testing.go:141.48,143.2 1 0
github.com/onyx-go/framework/testing.go:145.52,147.2 1 0
github.com/onyx-go/framework/testing.go:149.49,151.2 1 0
github.com/onyx-go/framework/testing.go:153.55,155.2 1 0
github.com/onyx-go/framework/testing.go:157.66,158.55 1 0
github.com/onyx-go/framework/testing.go:158.55,161.3 2 0
github.com/onyx-go/framework/testing.go:163.2,163.23 1 0
github.com/onyx-go/framework/testing.go:163.23,166.41 3 0
github.com/onyx-go/framework/testing.go:166.41,168.4 1 0
github.com/onyx-go/framework/testing.go:171.2,171.11 1 0
github.com/onyx-go/framework/testing.go:174.71,176.34 2 0
github.com/onyx-go/framework/testing.go:176.34,178.3 1 0
github.com/onyx-go/framework/testing.go:179.2,179.11 1 0
github.com/onyx-go/framework/testing.go:182.75,184.47 2 0
github.com/onyx-go/framework/testing.go:184.47,186.3 1 0
github.com/onyx-go/framework/testing.go:187.2,187.11 1 0
github.com/onyx-go/framework/testing.go:190.68,192.74 2 0
github.com/onyx-go/framework/testing.go:192.74,195.3 2 0
github.com/onyx-go/framework/testing.go:197.2,200.50 3 0
github.com/onyx-go/framework/testing.go:200.50,202.3 1 0
github.com/onyx-go/framework/testing.go:204.2,204.11 1 0
github.com/onyx-go/framework/testing.go:207.83,209.74 2 0
github.com/onyx-go/framework/testing.go:209.74,212.3 2 0
github.com/onyx-go/framework/testing.go:214.2,214.43 1 0
github.com/onyx-go/framework/testing.go:214.43,215.50 1 0
github.com/onyx-go/framework/testing.go:215.50,217.4 1 0
github.com/onyx-go/framework/testing.go:217.9,217.80 1 0
github.com/onyx-go/framework/testing.go:217.80,219.4 1 0
github.com/onyx-go/framework/testing.go:222.2,222.11 1 0
github.com/onyx-go/framework/testing.go:225.86,227.2 1 0
github.com/onyx-go/framework/testing.go:229.54,231.35 2 0
github.com/onyx-go/framework/testing.go:231.35,233.3 1 0
github.com/onyx-go/framework/testing.go:234.2,234.11 1 0
github.com/onyx-go/framework/testing.go:237.58,239.34 2 0
github.com/onyx-go/framework/testing.go:239.34,241.3 1 0
github.com/onyx-go/framework/testing.go:242.2,242.11 1 0
github.com/onyx-go/framework/testing.go:245.64,249.29 3 0
github.com/onyx-go/framework/testing.go:249.29,251.18 2 0
github.com/onyx-go/framework/testing.go:251.18,254.4 2 0
github.com/onyx-go/framework/testing.go:255.3,255.25 1 0
github.com/onyx-go/framework/testing.go:258.2,258.11 1 0
github.com/onyx-go/framework/testing.go:261.38,266.2 4 0
github.com/onyx-go/framework/testing.go:268.45,271.2 2 0
github.com/onyx-go/framework/testing.go:273.41,275.2 1 0
github.com/onyx-go/framework/testing.go:277.71,281.2 3 0
github.com/onyx-go/framework/testing.go:283.37,285.2 1 0
github.com/onyx-go/framework/testing.go:287.46,289.2 1 0
github.com/onyx-go/framework/testing.go:296.84,301.2 1 0
github.com/onyx-go/framework/testing.go:303.66,305.2 1 0
github.com/onyx-go/framework/testing.go:307.63,309.2 1 0
github.com/onyx-go/framework/testing.go:311.109,313.2 1 0
github.com/onyx-go/framework/testing.go:315.113,317.2 1 0
github.com/onyx-go/framework/testing.go:319.93,321.2 1 0
github.com/onyx-go/framework/testing.go:329.45,335.2 1 0
github.com/onyx-go/framework/testing.go:337.74,340.2 2 0
github.com/onyx-go/framework/testing.go:342.82,345.2 2 0
github.com/onyx-go/framework/testing.go:347.52,349.20 2 0
github.com/onyx-go/framework/testing.go:349.20,351.3 1 0
github.com/onyx-go/framework/testing.go:353.2,354.25 2 0
github.com/onyx-go/framework/testing.go:354.25,356.3 1 0
github.com/onyx-go/framework/testing.go:357.2,357.16 1 0
github.com/onyx-go/framework/testing.go:360.54,362.2 1 0
github.com/onyx-go/framework/testing.go:370.63,371.24 1 0
github.com/onyx-go/framework/testing.go:371.24,373.3 1 0
github.com/onyx-go/framework/testing.go:376.66,377.24 1 0
github.com/onyx-go/framework/testing.go:377.24,379.3 1 0
github.com/onyx-go/framework/testing.go:382.47,383.16 1 0
github.com/onyx-go/framework/testing.go:383.16,385.3 1 0
github.com/onyx-go/framework/testing.go:388.48,389.15 1 0
github.com/onyx-go/framework/testing.go:389.15,391.3 1 0
github.com/onyx-go/framework/testing.go:394.49,395.18 1 0
github.com/onyx-go/framework/testing.go:395.18,397.3 1 0
github.com/onyx-go/framework/testing.go:400.52,401.18 1 0
github.com/onyx-go/framework/testing.go:401.18,403.3 1 0
github.com/onyx-go/framework/testing.go:406.64,407.26 1 0
github.com/onyx-go/framework/testing.go:407.26,408.16 1 0
github.com/onyx-go/framework/testing.go:408.16,410.4 1 0
github.com/onyx-go/framework/testing.go:412.2,412.48 1 0
github.com/onyx-go/framework/testing.go:415.44,416.15 1 0
github.com/onyx-go/framework/testing.go:416.15,417.31 1 0
github.com/onyx-go/framework/testing.go:417.31,419.4 1 0
github.com/onyx-go/framework/testing.go:421.2,421.6 1 0
github.com/onyx-go/framework/validation.go:31.86,37.2 1 1
github.com/onyx-go/framework/validation.go:39.37,42.41 2 1
github.com/onyx-go/framework/validation.go:42.41,45.38 2 1
github.com/onyx-go/framework/validation.go:45.38,48.63 2 1
github.com/onyx-go/framework/validation.go:48.63,49.64 1 1
github.com/onyx-go/framework/validation.go:49.64,51.6 1 1
github.com/onyx-go/framework/validation.go:56.2,56.27 1 1
github.com/onyx-go/framework/validation.go:59.50,61.2 1 0
github.com/onyx-go/framework/validation.go:63.53,64.66 1 1
github.com/onyx-go/framework/validation.go:64.66,66.3 1 1
github.com/onyx-go/framework/validation.go:67.2,67.11 1 0
github.com/onyx-go/framework/validation.go:70.38,72.2 1 1
github.com/onyx-go/framework/validation.go:74.56,75.44 1 1
github.com/onyx-go/framework/validation.go:75.44,77.3 1 1
github.com/onyx-go/framework/validation.go:78.2,78.12 1 0
github.com/onyx-go/framework/validation.go:81.66,86.20 4 1
github.com/onyx-go/framework/validation.go:86.20,88.3 1 1
github.com/onyx-go/framework/validation.go:90.2,90.21 1 1
github.com/onyx-go/framework/validation.go:93.53,94.43 1 1
github.com/onyx-go/framework/validation.go:94.43,96.3 1 1
github.com/onyx-go/framework/validation.go:97.2,97.52 1 1
github.com/onyx-go/framework/validation.go:100.75,101.18 1 1
github.com/onyx-go/framework/validation.go:101.18,103.3 1 0
github.com/onyx-go/framework/validation.go:105.2,105.27 1 1
github.com/onyx-go/framework/validation.go:106.14,107.33 1 1
github.com/onyx-go/framework/validation.go:107.33,109.4 1 0
github.com/onyx-go/framework/validation.go:110.21,111.18 1 0
github.com/onyx-go/framework/validation.go:111.18,113.4 1 0
github.com/onyx-go/framework/validation.go:116.2,116.12 1 1
github.com/onyx-go/framework/validation.go:119.70,120.22 1 1
github.com/onyx-go/framework/validation.go:120.22,122.3 1 0
github.com/onyx-go/framework/validation.go:124.2,125.16 2 1
github.com/onyx-go/framework/validation.go:125.16,127.3 1 0
github.com/onyx-go/framework/validation.go:129.2,129.27 1 1
github.com/onyx-go/framework/validation.go:130.14,131.24 1 1
github.com/onyx-go/framework/validation.go:131.24,133.4 1 1
github.com/onyx-go/framework/validation.go:134.11,135.19 1 0
github.com/onyx-go/framework/validation.go:135.19,137.4 1 0
github.com/onyx-go/framework/validation.go:138.15,139.28 1 0
github.com/onyx-go/framework/validation.go:139.28,141.4 1 0
github.com/onyx-go/framework/validation.go:144.2,144.12 1 1
github.com/onyx-go/framework/validation.go:147.70,148.22 1 0
github.com/onyx-go/framework/validation.go:148.22,150.3 1 0
github.com/onyx-go/framework/validation.go:152.2,153.16 2 0
github.com/onyx-go/framework/validation.go:153.16,155.3 1 0
github.com/onyx-go/framework/validation.go:157.2,157.27 1 0
github.com/onyx-go/framework/validation.go:158.14,159.24 1 0
github.com/onyx-go/framework/validation.go:159.24,161.4 1 0
github.com/onyx-go/framework/validation.go:162.11,163.19 1 0
github.com/onyx-go/framework/validation.go:163.19,165.4 1 0
github.com/onyx-go/framework/validation.go:166.15,167.28 1 0
github.com/onyx-go/framework/validation.go:167.28,169.4 1 0
github.com/onyx-go/framework/validation.go:172.2,172.12 1 0
github.com/onyx-go/framework/validation.go:175.72,176.18 1 1
github.com/onyx-go/framework/validation.go:176.18,178.3 1 0
github.com/onyx-go/framework/validation.go:180.2,181.9 2 1
github.com/onyx-go/framework/validation.go:181.9,183.3 1 0
github.com/onyx-go/framework/validation.go:185.2,186.34 2 1
github.com/onyx-go/framework/validation.go:186.34,188.3 1 1
github.com/onyx-go/framework/validation.go:190.2,190.12 1 1
github.com/onyx-go/framework/validation.go:193.74,194.18 1 1
github.com/onyx-go/framework/validation.go:194.18,196.3 1 0
github.com/onyx-go/framework/validation.go:198.2,198.22 1 1
github.com/onyx-go/framework/validation.go:199.43,200.13 1 1
github.com/onyx-go/framework/validation.go:201.14,203.56 2 1
github.com/onyx-go/framework/validation.go:203.56,205.4 1 1
github.com/onyx-go/framework/validation.go:206.3,206.13 1 0
github.com/onyx-go/framework/validation.go:207.10,208.59 1 0
github.com/onyx-go/framework/validation.go:212.72,213.18 1 0
github.com/onyx-go/framework/validation.go:213.18,215.3 1 0
github.com/onyx-go/framework/validation.go:217.2,218.9 2 0
github.com/onyx-go/framework/validation.go:218.9,220.3 1 0
github.com/onyx-go/framework/validation.go:222.2,223.34 2 0
github.com/onyx-go/framework/validation.go:223.34,225.3 1 0
github.com/onyx-go/framework/validation.go:227.2,227.12 1 0
github.com/onyx-go/framework/validation.go:230.75,231.18 1 0
github.com/onyx-go/framework/validation.go:231.18,233.3 1 0
github.com/onyx-go/framework/validation.go:235.2,236.9 2 0
github.com/onyx-go/framework/validation.go:236.9,238.3 1 0
github.com/onyx-go/framework/validation.go:240.2,241.37 2 0
github.com/onyx-go/framework/validation.go:241.37,243.3 1 0
github.com/onyx-go/framework/validation.go:245.2,245.12 1 0
github.com/onyx-go/framework/validation.go:248.70,249.18 1 0
github.com/onyx-go/framework/validation.go:249.18,251.3 1 0
github.com/onyx-go/framework/validation.go:253.2,254.9 2 0
github.com/onyx-go/framework/validation.go:254.9,256.3 1 0
github.com/onyx-go/framework/validation.go:258.2,259.32 2 0
github.com/onyx-go/framework/validation.go:259.32,261.3 1 0
github.com/onyx-go/framework/validation.go:263.2,263.12 1 0
github.com/onyx-go/framework/validation.go:266.69,267.18 1 0
github.com/onyx-go/framework/validation.go:267.18,269.3 1 0
github.com/onyx-go/framework/validation.go:271.2,273.31 2 0
github.com/onyx-go/framework/validation.go:273.31,274.19 1 0
github.com/onyx-go/framework/validation.go:274.19,276.4 1 0
github.com/onyx-go/framework/validation.go:279.2,279.89 1 0
github.com/onyx-go/framework/validation.go:282.76,284.2 1 0
github.com/onyx-go/framework/validation.go:286.75,289.46 2 0
github.com/onyx-go/framework/validation.go:289.46,291.3 1 0
github.com/onyx-go/framework/validation.go:293.2,293.42 1 0
github.com/onyx-go/framework/validation.go:293.42,294.23 1 0
github.com/onyx-go/framework/validation.go:294.23,296.4 1 0
github.com/onyx-go/framework/validation.go:296.9,298.4 1 0
github.com/onyx-go/framework/validation.go:301.2,302.23 2 0
github.com/onyx-go/framework/validation.go:305.63,307.2 1 0
github.com/onyx-go/framework/versioned_docs.go:48.120,49.19 1 1
github.com/onyx-go/framework/versioned_docs.go:49.19,57.3 1 0
github.com/onyx-go/framework/versioned_docs.go:59.2,63.3 1 1
github.com/onyx-go/framework/versioned_docs.go:67.87,71.53 3 1
github.com/onyx-go/framework/versioned_docs.go:71.53,73.3 1 0
github.com/onyx-go/framework/versioned_docs.go:76.2,77.13 2 1
github.com/onyx-go/framework/versioned_docs.go:77.13,79.3 1 0
github.com/onyx-go/framework/versioned_docs.go:82.2,91.16 4 1
github.com/onyx-go/framework/versioned_docs.go:95.101,98.30 2 1
github.com/onyx-go/framework/versioned_docs.go:98.30,99.29 1 1
github.com/onyx-go/framework/versioned_docs.go:99.29,101.4 1 1
github.com/onyx-go/framework/versioned_docs.go:101.9,103.4 1 0
github.com/onyx-go/framework/versioned_docs.go:106.2,106.28 1 1
github.com/onyx-go/framework/versioned_docs.go:106.28,108.3 1 0
github.com/onyx-go/framework/versioned_docs.go:110.2,110.44 1 1
github.com/onyx-go/framework/versioned_docs.go:110.44,112.3 1 0
github.com/onyx-go/framework/versioned_docs.go:114.2,114.14 1 1
github.com/onyx-go/framework/versioned_docs.go:118.107,121.35 2 1
github.com/onyx-go/framework/versioned_docs.go:121.35,123.3 1 1
github.com/onyx-go/framework/versioned_docs.go:126.2,128.28 2 1
github.com/onyx-go/framework/versioned_docs.go:128.28,130.33 2 0
github.com/onyx-go/framework/versioned_docs.go:130.33,132.4 1 0
github.com/onyx-go/framework/versioned_docs.go:133.3,133.36 1 0
github.com/onyx-go/framework/versioned_docs.go:136.2,136.44 1 1
github.com/onyx-go/framework/versioned_docs.go:136.44,138.3 1 0
github.com/onyx-go/framework/versioned_docs.go:140.2,140.22 1 1
github.com/onyx-go/framework/versioned_docs.go:140.22,142.3 1 0
github.com/onyx-go/framework/versioned_docs.go:144.2,144.20 1 1
github.com/onyx-go/framework/versioned_docs.go:148.95,155.45 5 0
github.com/onyx-go/framework/versioned_docs.go:155.45,157.67 1 0
github.com/onyx-go/framework/versioned_docs.go:157.67,158.12 1 0
github.com/onyx-go/framework/versioned_docs.go:162.3,162.58 1 0
github.com/onyx-go/framework/versioned_docs.go:162.58,163.12 1 0
github.com/onyx-go/framework/versioned_docs.go:166.3,167.21 2 0
github.com/onyx-go/framework/versioned_docs.go:167.21,168.12 1 0
github.com/onyx-go/framework/versioned_docs.go:171.3,172.17 2 0
github.com/onyx-go/framework/versioned_docs.go:172.17,174.4 1 0
github.com/onyx-go/framework/versioned_docs.go:177.3,189.4 2 0
github.com/onyx-go/framework/versioned_docs.go:192.2,192.19 1 0
github.com/onyx-go/framework/versioned_docs.go:196.106,198.30 1 0
github.com/onyx-go/framework/versioned_docs.go:198.30,199.66 1 0
github.com/onyx-go/framework/versioned_docs.go:199.66,201.4 1 0
github.com/onyx-go/framework/versioned_docs.go:205.2,205.28 1 0
github.com/onyx-go/framework/versioned_docs.go:205.28,207.33 2 0
github.com/onyx-go/framework/versioned_docs.go:207.33,209.4 1 0
github.com/onyx-go/framework/versioned_docs.go:213.2,213.27 1 0
github.com/onyx-go/framework/versioned_docs.go:213.27,215.29 1 0
github.com/onyx-go/framework/versioned_docs.go:215.29,217.4 1 0
github.com/onyx-go/framework/versioned_docs.go:222.74,230.35 3 1
github.com/onyx-go/framework/versioned_docs.go:230.35,241.3 1 1
github.com/onyx-go/framework/versioned_docs.go:244.2,244.50 1 1
github.com/onyx-go/framework/versioned_docs.go:244.50,246.3 1 1
github.com/onyx-go/framework/versioned_docs.go:248.2,248.15 1 1
github.com/onyx-go/framework/versioned_docs.go:270.70,272.14 1 1
github.com/onyx-go/framework/versioned_docs.go:272.14,274.3 1 0
github.com/onyx-go/framework/versioned_docs.go:275.2,275.13 1 1
github.com/onyx-go/framework/versioned_docs.go:275.13,277.3 1 0
github.com/onyx-go/framework/versioned_docs.go:278.2,278.10 1 1
github.com/onyx-go/framework/versioned_docs.go:282.66,290.35 4 1
github.com/onyx-go/framework/versioned_docs.go:290.35,292.3 1 1
github.com/onyx-go/framework/versioned_docs.go:295.2,295.49 1 1
github.com/onyx-go/framework/versioned_docs.go:295.49,297.3 1 1
github.com/onyx-go/framework/versioned_docs.go:300.2,300.41 1 1
github.com/onyx-go/framework/versioned_docs.go:300.41,310.25 2 1
github.com/onyx-go/framework/versioned_docs.go:310.25,314.4 3 0
github.com/onyx-go/framework/versioned_docs.go:317.3,317.59 1 1
github.com/onyx-go/framework/versioned_docs.go:317.59,318.49 1 0
github.com/onyx-go/framework/versioned_docs.go:318.49,320.5 1 0
github.com/onyx-go/framework/versioned_docs.go:323.3,323.69 1 1
github.com/onyx-go/framework/versioned_docs.go:323.69,324.51 1 0
github.com/onyx-go/framework/versioned_docs.go:324.51,326.5 1 0
github.com/onyx-go/framework/versioned_docs.go:329.3,329.55 1 1
github.com/onyx-go/framework/versioned_docs.go:332.2,332.18 1 1
github.com/onyx-go/framework/versioned_docs.go:355.79,361.42 4 0
github.com/onyx-go/framework/versioned_docs.go:361.42,363.23 2 0
github.com/onyx-go/framework/versioned_docs.go:363.23,365.4 1 0
github.com/onyx-go/framework/versioned_docs.go:366.3,371.23 4 0
github.com/onyx-go/framework/versioned_docs.go:371.23,373.33 2 0
github.com/onyx-go/framework/versioned_docs.go:373.33,375.5 1 0
github.com/onyx-go/framework/versioned_docs.go:376.4,376.28 1 0
github.com/onyx-go/framework/versioned_docs.go:376.28,378.5 1 0
github.com/onyx-go/framework/versioned_docs.go:379.4,379.24 1 0
github.com/onyx-go/framework/versioned_docs.go:382.3,384.30 2 0
github.com/onyx-go/framework/versioned_docs.go:384.30,386.4 1 0
github.com/onyx-go/framework/versioned_docs.go:388.3,388.29 1 0
github.com/onyx-go/framework/versioned_docs.go:388.29,390.41 2 0
github.com/onyx-go/framework/versioned_docs.go:390.41,392.5 1 0
github.com/onyx-go/framework/versioned_docs.go:393.4,393.24 1 0
github.com/onyx-go/framework/versioned_docs.go:396.3,396.37 1 0
github.com/onyx-go/framework/versioned_docs.go:396.37,398.51 2 0
github.com/onyx-go/framework/versioned_docs.go:398.51,400.5 1 0
github.com/onyx-go/framework/versioned_docs.go:401.4,401.24 1 0
github.com/onyx-go/framework/versioned_docs.go:404.3,404.28 1 0
github.com/onyx-go/framework/versioned_docs.go:407.2,407.25 1 0
github.com/onyx-go/framework/versioned_docs.go:411.61,417.38 4 0
github.com/onyx-go/framework/versioned_docs.go:417.38,418.76 1 0
github.com/onyx-go/framework/versioned_docs.go:418.76,421.4 2 0
github.com/onyx-go/framework/versioned_docs.go:424.2,424.18 1 0
github.com/onyx-go/framework/versioned_docs.go:424.18,426.33 1 0
github.com/onyx-go/framework/versioned_docs.go:426.33,428.4 1 0
github.com/onyx-go/framework/versioned_docs.go:431.2,431.15 1 0
github.com/onyx-go/framework/versioned_docs.go:435.76,437.26 2 0
github.com/onyx-go/framework/versioned_docs.go:437.26,439.3 1 0
github.com/onyx-go/framework/versioned_docs.go:441.2,441.26 1 0
github.com/onyx-go/framework/versioned_docs.go:441.26,443.3 1 0
github.com/onyx-go/framework/versioned_docs.go:445.2,446.16 2 0
github.com/onyx-go/framework/versioned_docs.go:446.16,448.3 1 0
github.com/onyx-go/framework/versioned_docs.go:450.2,451.13 2 0
github.com/onyx-go/framework/versioned_docs.go:451.13,453.27 1 0
github.com/onyx-go/framework/versioned_docs.go:453.27,455.4 1 0
github.com/onyx-go/framework/versioned_docs.go:456.3,456.56 1 0
github.com/onyx-go/framework/versioned_docs.go:459.2,459.18 1 0
github.com/onyx-go/framework/versioned_docs.go:463.80,466.44 2 0
github.com/onyx-go/framework/versioned_docs.go:466.44,467.76 1 0
github.com/onyx-go/framework/versioned_docs.go:467.76,469.4 1 0
github.com/onyx-go/framework/versioned_docs.go:472.2,472.15 1 0
github.com/onyx-go/framework/versioned_docs.go:478.119,482.44 3 0
github.com/onyx-go/framework/versioned_docs.go:482.44,484.3 1 0
github.com/onyx-go/framework/versioned_docs.go:487.2,490.35 2 0
github.com/onyx-go/framework/versioned_docs.go:490.35,491.66 1 0
github.com/onyx-go/framework/versioned_docs.go:491.66,494.23 2 0
github.com/onyx-go/framework/versioned_docs.go:494.23,496.5 1 0
github.com/onyx-go/framework/versioned_docs.go:500.2,500.12 1 0
github.com/onyx-go/framework/versioned_docs.go:504.106,508.40 3 0
github.com/onyx-go/framework/versioned_docs.go:508.40,510.3 1 0
github.com/onyx-go/framework/versioned_docs.go:512.2,515.32 3 0
github.com/onyx-go/framework/versioned_docs.go:515.32,517.3 1 0
github.com/onyx-go/framework/versioned_docs.go:519.2,529.32 3 0
github.com/onyx-go/framework/versioned_docs.go:529.32,531.3 1 0
github.com/onyx-go/framework/versioned_docs.go:533.2,534.32 2 0
github.com/onyx-go/framework/versioned_docs.go:534.32,536.20 2 0
github.com/onyx-go/framework/versioned_docs.go:536.20,538.4 1 0
github.com/onyx-go/framework/versioned_docs.go:541.2,541.27 1 0
github.com/onyx-go/framework/versioned_docs.go:541.27,542.20 1 0
github.com/onyx-go/framework/versioned_docs.go:542.20,544.4 1 0
github.com/onyx-go/framework/versioned_docs.go:547.2,547.24 1 0
